2024-05-21 14:29:23.346 [INFO ][KScriptLogger]
FASTJSON-39_1 results:
cnt = 41, sat = 33,
unsat = 8, unknown = 0,
reusedUnsat = 0 (0.00%),
solvingTime = 11917 ms, checkingTime = 33 ms,
updatingTime = 0 ms, totalTime = 11950 ms

2024-05-21 14:29:23.458 [INFO ][KScriptLogger]
FASTJSON-17_1 results:
cnt = 8, sat = 6,
unsat = 2, unknown = 0,
reusedUnsat = 0 (0.00%),
solvingTime = 17 ms, checkingTime = 0 ms,
updatingTime = 0 ms, totalTime = 17 ms

2024-05-21 14:29:52.563 [INFO ][KScriptLogger]
SPOON-163_1 results:
cnt = 28, sat = 21,
unsat = 3, unknown = 4,
reusedUnsat = 1 (33.33%),
solvingTime = 25330 ms, checkingTime = 9 ms,
updatingTime = 0 ms, totalTime = 25339 ms

2024-05-21 14:33:12.792 [INFO ][KScriptLogger]
SPOON-151_1 results:
cnt = 1198, sat = 131,
unsat = 1038, unknown = 29,
reusedUnsat = 888 (85.55%),
solvingTime = 182532 ms, checkingTime = 531 ms,
updatingTime = 0 ms, totalTime = 183063 ms

2024-05-21 14:33:56.292 [INFO ][KScriptLogger]
FASTJSON-104_1 results:
cnt = 102, sat = 78,
unsat = 21, unknown = 3,
reusedUnsat = 5 (23.81%),
solvingTime = 38932 ms, checkingTime = 1 ms,
updatingTime = 0 ms, totalTime = 38933 ms

2024-05-21 14:33:56.805 [INFO ][KScriptLogger]
FASTJSON-79_1 results:
cnt = 113, sat = 2,
unsat = 111, unknown = 0,
reusedUnsat = 107 (96.40%),
solvingTime = 11 ms, checkingTime = 0 ms,
updatingTime = 0 ms, totalTime = 11 ms

2024-05-21 14:34:52.667 [INFO ][KScriptLogger]
FASTJSON-49_1 results:
cnt = 40, sat = 16,
unsat = 17, unknown = 7,
reusedUnsat = 2 (11.76%),
solvingTime = 48414 ms, checkingTime = 35 ms,
updatingTime = 0 ms, totalTime = 48449 ms

2024-05-21 14:36:29.006 [INFO ][KScriptLogger]
GUAVA-174_1 results:
cnt = 248, sat = 114,
unsat = 124, unknown = 10,
reusedUnsat = 4 (3.23%),
solvingTime = 68577 ms, checkingTime = 558 ms,
updatingTime = 0 ms, totalTime = 69135 ms

2024-05-21 14:36:41.810 [INFO ][KScriptLogger]
GUAVA-249_1 results:
cnt = 57, sat = 54,
unsat = 1, unknown = 2,
reusedUnsat = 0 (0.00%),
solvingTime = 10130 ms, checkingTime = 5 ms,
updatingTime = 0 ms, totalTime = 10135 ms

2024-05-21 14:39:36.941 [INFO ][KScriptLogger]
GUAVA-78_1 results:
cnt = 169, sat = 91,
unsat = 60, unknown = 18,
reusedUnsat = 18 (30.00%),
solvingTime = 160447 ms, checkingTime = 7 ms,
updatingTime = 0 ms, totalTime = 160454 ms

2024-05-21 14:40:13.874 [INFO ][KScriptLogger]
GUAVA-260_1 results:
cnt = 479, sat = 238,
unsat = 236, unknown = 5,
reusedUnsat = 113 (47.88%),
solvingTime = 27697 ms, checkingTime = 678 ms,
updatingTime = 0 ms, totalTime = 28375 ms

2024-05-21 14:40:18.729 [INFO ][KScriptLogger]
SPOON-19_1 results:
cnt = 18, sat = 18,
unsat = 0, unknown = 0,
reusedUnsat = 0 (0.00%),
solvingTime = 3952 ms, checkingTime = 0 ms,
updatingTime = 0 ms, totalTime = 3952 ms

2024-05-21 14:40:23.355 [INFO ][KScriptLogger]
SEATA-24_1 results:
cnt = 36, sat = 14,
unsat = 22, unknown = 0,
reusedUnsat = 1 (4.55%),
solvingTime = 3793 ms, checkingTime = 0 ms,
updatingTime = 0 ms, totalTime = 3793 ms

2024-05-21 14:41:03.199 [INFO ][KScriptLogger]
FASTJSON-105_1 results:
cnt = 332, sat = 253,
unsat = 73, unknown = 6,
reusedUnsat = 48 (65.75%),
solvingTime = 35660 ms, checkingTime = 48 ms,
updatingTime = 0 ms, totalTime = 35708 ms

2024-05-21 14:41:04.826 [INFO ][KScriptLogger]
SPOON-167_1 results:
cnt = 12, sat = 11,
unsat = 1, unknown = 0,
reusedUnsat = 0 (0.00%),
solvingTime = 1253 ms, checkingTime = 0 ms,
updatingTime = 0 ms, totalTime = 1253 ms

2024-05-21 14:43:16.375 [INFO ][KScriptLogger]
FASTJSON-26_1 results:
cnt = 285, sat = 91,
unsat = 185, unknown = 9,
reusedUnsat = 27 (14.59%),
solvingTime = 119019 ms, checkingTime = 839 ms,
updatingTime = 0 ms, totalTime = 119858 ms

2024-05-21 14:43:50.603 [INFO ][KScriptLogger]
SPOON-159_1 results:
cnt = 131, sat = 64,
unsat = 67, unknown = 0,
reusedUnsat = 37 (55.22%),
solvingTime = 31671 ms, checkingTime = 7 ms,
updatingTime = 0 ms, totalTime = 31678 ms

2024-05-21 14:44:30.525 [INFO ][KScriptLogger]
SPOON-13_1 results:
cnt = 23, sat = 5,
unsat = 12, unknown = 6,
reusedUnsat = 4 (33.33%),
solvingTime = 34057 ms, checkingTime = 0 ms,
updatingTime = 0 ms, totalTime = 34057 ms

2024-05-21 14:44:31.358 [INFO ][KScriptLogger]
FASTJSON-93_1 results:
cnt = 85, sat = 45,
unsat = 40, unknown = 0,
reusedUnsat = 13 (32.50%),
solvingTime = 192 ms, checkingTime = 0 ms,
updatingTime = 0 ms, totalTime = 192 ms

2024-05-21 14:45:00.909 [INFO ][KScriptLogger]
GUAVA-71_1 results:
cnt = 209, sat = 122,
unsat = 83, unknown = 4,
reusedUnsat = 41 (49.40%),
solvingTime = 23056 ms, checkingTime = 253 ms,
updatingTime = 0 ms, totalTime = 23309 ms

2024-05-21 14:46:29.715 [INFO ][KScriptLogger]
SPOON-107_1 results:
cnt = 92, sat = 77,
unsat = 10, unknown = 5,
reusedUnsat = 2 (20.00%),
solvingTime = 81638 ms, checkingTime = 8 ms,
updatingTime = 0 ms, totalTime = 81646 ms

2024-05-21 14:46:29.727 [INFO ][KScriptLogger]
SEATA-4_1 results:
cnt = 1, sat = 1,
unsat = 0, unknown = 0,
reusedUnsat = 0 (0.00%),
solvingTime = 2 ms, checkingTime = 0 ms,
updatingTime = 0 ms, totalTime = 2 ms

2024-05-21 14:49:03.189 [INFO ][KScriptLogger]
FASTJSON-50_1 results:
cnt = 271, sat = 196,
unsat = 50, unknown = 25,
reusedUnsat = 11 (22.00%),
solvingTime = 146134 ms, checkingTime = 41 ms,
updatingTime = 0 ms, totalTime = 146175 ms

2024-05-21 14:49:39.887 [INFO ][KScriptLogger]
GUAVA-197_1 results:
cnt = 62, sat = 52,
unsat = 9, unknown = 1,
reusedUnsat = 0 (0.00%),
solvingTime = 27551 ms, checkingTime = 28 ms,
updatingTime = 0 ms, totalTime = 27579 ms

2024-05-21 14:50:00.648 [INFO ][KScriptLogger]
GUAVA-275_1 results:
cnt = 119, sat = 45,
unsat = 72, unknown = 2,
reusedUnsat = 11 (15.28%),
solvingTime = 18974 ms, checkingTime = 0 ms,
updatingTime = 0 ms, totalTime = 18974 ms

2024-05-21 14:50:01.826 [INFO ][KScriptLogger]
FASTJSON-72_1 results:
cnt = 94, sat = 41,
unsat = 53, unknown = 0,
reusedUnsat = 11 (20.75%),
solvingTime = 308 ms, checkingTime = 0 ms,
updatingTime = 0 ms, totalTime = 308 ms

2024-05-21 14:50:05.204 [INFO ][KScriptLogger]
FASTJSON-9_1 results:
cnt = 75, sat = 30,
unsat = 45, unknown = 0,
reusedUnsat = 5 (11.11%),
solvingTime = 2295 ms, checkingTime = 1 ms,
updatingTime = 0 ms, totalTime = 2296 ms

2024-05-21 14:51:32.602 [INFO ][KScriptLogger]
FASTJSON-19_1 results:
cnt = 143, sat = 96,
unsat = 40, unknown = 7,
reusedUnsat = 9 (22.50%),
solvingTime = 80282 ms, checkingTime = 0 ms,
updatingTime = 0 ms, totalTime = 80282 ms

2024-05-21 14:51:36.208 [INFO ][KScriptLogger]
GUAVA-115_1 results:
cnt = 40, sat = 16,
unsat = 24, unknown = 0,
reusedUnsat = 16 (66.67%),
solvingTime = 2979 ms, checkingTime = 0 ms,
updatingTime = 0 ms, totalTime = 2979 ms

2024-05-21 14:52:22.573 [INFO ][KScriptLogger]
SPOON-11_1 results:
cnt = 15, sat = 9,
unsat = 0, unknown = 6,
reusedUnsat = 0 (0.00%),
solvingTime = 33252 ms, checkingTime = 0 ms,
updatingTime = 0 ms, totalTime = 33252 ms

2024-05-21 14:55:36.290 [INFO ][KScriptLogger]
FASTJSON-32_1 results:
cnt = 134, sat = 5,
unsat = 98, unknown = 31,
reusedUnsat = 2 (2.04%),
solvingTime = 184515 ms, checkingTime = 507 ms,
updatingTime = 0 ms, totalTime = 185022 ms

2024-05-21 14:55:54.433 [INFO ][KScriptLogger]
GUAVA-153_1 results:
cnt = 50, sat = 45,
unsat = 2, unknown = 3,
reusedUnsat = 0 (0.00%),
solvingTime = 15069 ms, checkingTime = 1 ms,
updatingTime = 0 ms, totalTime = 15070 ms

2024-05-21 14:55:55.545 [INFO ][KScriptLogger]
FASTJSON-85_1 results:
cnt = 79, sat = 64,
unsat = 15, unknown = 0,
reusedUnsat = 3 (20.00%),
solvingTime = 357 ms, checkingTime = 0 ms,
updatingTime = 0 ms, totalTime = 357 ms

2024-05-21 14:55:57.139 [INFO ][KScriptLogger]
SEATA-14_1 results:
cnt = 76, sat = 31,
unsat = 45, unknown = 0,
reusedUnsat = 10 (22.22%),
solvingTime = 722 ms, checkingTime = 0 ms,
updatingTime = 0 ms, totalTime = 722 ms

2024-05-21 14:57:44.013 [INFO ][KScriptLogger]
GUAVA-85_1 results:
cnt = 137, sat = 57,
unsat = 71, unknown = 9,
reusedUnsat = 6 (8.45%),
solvingTime = 94766 ms, checkingTime = 785 ms,
updatingTime = 0 ms, totalTime = 95551 ms

2024-05-21 14:57:45.242 [INFO ][KScriptLogger]
FASTJSON-59_1 results:
cnt = 109, sat = 107,
unsat = 2, unknown = 0,
reusedUnsat = 0 (0.00%),
solvingTime = 287 ms, checkingTime = 0 ms,
updatingTime = 0 ms, totalTime = 287 ms

2024-05-21 14:57:50.818 [INFO ][KScriptLogger]
SEATA-32_1 results:
cnt = 18, sat = 7,
unsat = 11, unknown = 0,
reusedUnsat = 0 (0.00%),
solvingTime = 4845 ms, checkingTime = 0 ms,
updatingTime = 0 ms, totalTime = 4845 ms

2024-05-21 14:57:54.332 [INFO ][KScriptLogger]
FASTJSON-64_1 results:
cnt = 32, sat = 25,
unsat = 7, unknown = 0,
reusedUnsat = 1 (14.29%),
solvingTime = 3040 ms, checkingTime = 0 ms,
updatingTime = 0 ms, totalTime = 3040 ms

2024-05-21 14:59:15.289 [INFO ][KScriptLogger]
GUAVA-45_1 results:
cnt = 117, sat = 101,
unsat = 14, unknown = 2,
reusedUnsat = 1 (7.14%),
solvingTime = 65316 ms, checkingTime = 28 ms,
updatingTime = 0 ms, totalTime = 65344 ms

2024-05-21 15:00:41.163 [INFO ][KScriptLogger]
SPOON-165_1 results:
cnt = 41, sat = 12,
unsat = 16, unknown = 13,
reusedUnsat = 5 (31.25%),
solvingTime = 66943 ms, checkingTime = 98 ms,
updatingTime = 0 ms, totalTime = 67041 ms

2024-05-21 15:00:41.213 [INFO ][KScriptLogger]
FASTJSON-25_1 results:
cnt = 5, sat = 3,
unsat = 2, unknown = 0,
reusedUnsat = 0 (0.00%),
solvingTime = 6 ms, checkingTime = 0 ms,
updatingTime = 0 ms, totalTime = 6 ms

2024-05-21 15:01:12.956 [INFO ][KScriptLogger]
SPOON-101_1 results:
cnt = 27, sat = 15,
unsat = 8, unknown = 4,
reusedUnsat = 1 (12.50%),
solvingTime = 20518 ms, checkingTime = 27 ms,
updatingTime = 0 ms, totalTime = 20545 ms

2024-05-21 15:01:14.377 [INFO ][KScriptLogger]
SEATA-16_1 results:
cnt = 21, sat = 13,
unsat = 8, unknown = 0,
reusedUnsat = 0 (0.00%),
solvingTime = 1139 ms, checkingTime = 0 ms,
updatingTime = 0 ms, totalTime = 1139 ms

2024-05-21 15:02:52.138 [INFO ][KScriptLogger]
GUAVA-110_1 results:
cnt = 211, sat = 133,
unsat = 63, unknown = 15,
reusedUnsat = 21 (33.33%),
solvingTime = 94264 ms, checkingTime = 0 ms,
updatingTime = 0 ms, totalTime = 94264 ms

2024-05-21 15:03:22.539 [INFO ][KScriptLogger]
FASTJSON-15_1 results:
cnt = 17, sat = 5,
unsat = 6, unknown = 6,
reusedUnsat = 0 (0.00%),
solvingTime = 30084 ms, checkingTime = 0 ms,
updatingTime = 0 ms, totalTime = 30084 ms

2024-05-21 15:03:55.492 [INFO ][KScriptLogger]
SPOON-9_1 results:
cnt = 71, sat = 61,
unsat = 8, unknown = 2,
reusedUnsat = 1 (12.50%),
solvingTime = 26697 ms, checkingTime = 32 ms,
updatingTime = 0 ms, totalTime = 26729 ms

2024-05-21 15:04:32.119 [INFO ][KScriptLogger]
SPOON-169_1 results:
cnt = 17, sat = 6,
unsat = 5, unknown = 6,
reusedUnsat = 0 (0.00%),
solvingTime = 31807 ms, checkingTime = 0 ms,
updatingTime = 0 ms, totalTime = 31807 ms

2024-05-21 15:05:23.130 [INFO ][KScriptLogger]
SPOON-157_1 results:
cnt = 25, sat = 17,
unsat = 2, unknown = 6,
reusedUnsat = 0 (0.00%),
solvingTime = 31757 ms, checkingTime = 15 ms,
updatingTime = 0 ms, totalTime = 31772 ms

2024-05-21 15:05:29.026 [INFO ][KScriptLogger]
FASTJSON-4_1 results:
cnt = 157, sat = 82,
unsat = 75, unknown = 0,
reusedUnsat = 37 (49.33%),
solvingTime = 4473 ms, checkingTime = 0 ms,
updatingTime = 0 ms, totalTime = 4473 ms

2024-05-21 15:05:50.555 [INFO ][KScriptLogger]
SPOON-155_1 results:
cnt = 77, sat = 14,
unsat = 62, unknown = 1,
reusedUnsat = 46 (74.19%),
solvingTime = 13800 ms, checkingTime = 11 ms,
updatingTime = 0 ms, totalTime = 13811 ms

2024-05-21 15:07:00.277 [INFO ][KScriptLogger]
FASTJSON-31_1 results:
cnt = 81, sat = 20,
unsat = 50, unknown = 11,
reusedUnsat = 18 (36.00%),
solvingTime = 67028 ms, checkingTime = 1 ms,
updatingTime = 0 ms, totalTime = 67029 ms

2024-05-21 15:21:03.500 [INFO ][KScriptLogger]
GUAVA-114_1 results:
cnt = 461, sat = 37,
unsat = 309, unknown = 115,
reusedUnsat = 0 (0.00%),
solvingTime = 637290 ms, checkingTime = 138482 ms,
updatingTime = 0 ms, totalTime = 775772 ms

2024-05-21 15:21:42.263 [INFO ][KScriptLogger]
SPOON-103_1 results:
cnt = 23, sat = 6,
unsat = 11, unknown = 6,
reusedUnsat = 0 (0.00%),
solvingTime = 33829 ms, checkingTime = 3 ms,
updatingTime = 0 ms, totalTime = 33832 ms

2024-05-21 15:22:27.069 [INFO ][KScriptLogger]
GUAVA-6_1 results:
cnt = 138, sat = 85,
unsat = 47, unknown = 6,
reusedUnsat = 16 (34.04%),
solvingTime = 40652 ms, checkingTime = 0 ms,
updatingTime = 0 ms, totalTime = 40652 ms

2024-05-21 15:22:27.070 [INFO ][KScriptLogger]
Global results:
cnt = 6650, sat = 2921,
unsat = 3344, unknown = 385,
reusedUnsat = 1542 (46.11%),
solvingTime = 2689276 ms, checkingTime = 143072 ms,
updatingTime = 0 ms, totalTime = 2832348 ms

