2024-05-31 19:23:34.872 [INFO ][KScriptLogger]
FASTJSON-39_1 results:
cnt = 41, sat = 33,
unsat = 8, unknown = 0,
reusedUnsat = 1 (12.50%),
solvingTime = 11912 ms, checkingTime = 341 ms,
updatingTime = 0 ms, totalTime = 12253 ms

2024-05-31 19:23:34.990 [INFO ][KScriptLogger]
FASTJSON-17_1 results:
cnt = 8, sat = 6,
unsat = 2, unknown = 0,
reusedUnsat = 0 (0.00%),
solvingTime = 19 ms, checkingTime = 0 ms,
updatingTime = 0 ms, totalTime = 19 ms

2024-05-31 19:24:07.209 [INFO ][KScriptLogger]
SPOON-163_1 results:
cnt = 28, sat = 20,
unsat = 3, unknown = 5,
reusedUnsat = 1 (33.33%),
solvingTime = 27416 ms, checkingTime = 205 ms,
updatingTime = 0 ms, totalTime = 27621 ms

2024-05-31 19:28:24.878 [INFO ][KScriptLogger]
SPOON-151_1 results:
cnt = 1198, sat = 130,
unsat = 1039, unknown = 29,
reusedUnsat = 763 (73.44%),
solvingTime = 186920 ms, checkingTime = 48938 ms,
updatingTime = 0 ms, totalTime = 235858 ms

2024-05-31 19:29:09.679 [INFO ][KScriptLogger]
FASTJSON-104_1 results:
cnt = 102, sat = 78,
unsat = 21, unknown = 3,
reusedUnsat = 6 (28.57%),
solvingTime = 39064 ms, checkingTime = 785 ms,
updatingTime = 0 ms, totalTime = 39849 ms

2024-05-31 19:29:10.460 [INFO ][KScriptLogger]
FASTJSON-79_1 results:
cnt = 113, sat = 2,
unsat = 111, unknown = 0,
reusedUnsat = 102 (91.89%),
solvingTime = 39 ms, checkingTime = 136 ms,
updatingTime = 0 ms, totalTime = 175 ms

2024-05-31 19:30:12.224 [INFO ][KScriptLogger]
FASTJSON-49_1 results:
cnt = 40, sat = 16,
unsat = 17, unknown = 7,
reusedUnsat = 3 (17.65%),
solvingTime = 49923 ms, checkingTime = 4367 ms,
updatingTime = 0 ms, totalTime = 54290 ms

2024-05-31 19:31:51.878 [INFO ][KScriptLogger]
GUAVA-174_1 results:
cnt = 248, sat = 114,
unsat = 125, unknown = 9,
reusedUnsat = 46 (36.80%),
solvingTime = 61829 ms, checkingTime = 12826 ms,
updatingTime = 0 ms, totalTime = 74655 ms

2024-05-31 19:32:04.828 [INFO ][KScriptLogger]
GUAVA-249_1 results:
cnt = 57, sat = 54,
unsat = 1, unknown = 2,
reusedUnsat = 0 (0.00%),
solvingTime = 10128 ms, checkingTime = 81 ms,
updatingTime = 0 ms, totalTime = 10209 ms

2024-05-31 19:35:11.015 [INFO ][KScriptLogger]
GUAVA-78_1 results:
cnt = 169, sat = 92,
unsat = 60, unknown = 17,
reusedUnsat = 4 (6.67%),
solvingTime = 167132 ms, checkingTime = 1727 ms,
updatingTime = 0 ms, totalTime = 168859 ms

2024-05-31 19:35:56.884 [INFO ][KScriptLogger]
GUAVA-260_1 results:
cnt = 479, sat = 238,
unsat = 236, unknown = 5,
reusedUnsat = 35 (14.83%),
solvingTime = 28054 ms, checkingTime = 8240 ms,
updatingTime = 0 ms, totalTime = 36294 ms

2024-05-31 19:36:01.996 [INFO ][KScriptLogger]
SPOON-19_1 results:
cnt = 18, sat = 18,
unsat = 0, unknown = 0,
reusedUnsat = 0 (0.00%),
solvingTime = 4043 ms, checkingTime = 0 ms,
updatingTime = 0 ms, totalTime = 4043 ms

2024-05-31 19:36:06.345 [INFO ][KScriptLogger]
SEATA-24_1 results:
cnt = 36, sat = 14,
unsat = 22, unknown = 0,
reusedUnsat = 14 (63.64%),
solvingTime = 3325 ms, checkingTime = 310 ms,
updatingTime = 0 ms, totalTime = 3635 ms

2024-05-31 19:36:50.794 [INFO ][KScriptLogger]
FASTJSON-105_1 results:
cnt = 332, sat = 252,
unsat = 73, unknown = 7,
reusedUnsat = 35 (47.95%),
solvingTime = 38229 ms, checkingTime = 1325 ms,
updatingTime = 0 ms, totalTime = 39554 ms

2024-05-31 19:36:52.512 [INFO ][KScriptLogger]
SPOON-167_1 results:
cnt = 12, sat = 11,
unsat = 1, unknown = 0,
reusedUnsat = 0 (0.00%),
solvingTime = 1273 ms, checkingTime = 0 ms,
updatingTime = 0 ms, totalTime = 1273 ms

2024-05-31 19:39:18.794 [INFO ][KScriptLogger]
FASTJSON-26_1 results:
cnt = 285, sat = 93,
unsat = 185, unknown = 7,
reusedUnsat = 10 (5.41%),
solvingTime = 125153 ms, checkingTime = 7297 ms,
updatingTime = 0 ms, totalTime = 132450 ms

2024-05-31 19:39:49.702 [INFO ][KScriptLogger]
SPOON-159_1 results:
cnt = 131, sat = 64,
unsat = 67, unknown = 0,
reusedUnsat = 27 (40.30%),
solvingTime = 26856 ms, checkingTime = 1164 ms,
updatingTime = 0 ms, totalTime = 28020 ms

2024-05-31 19:40:27.356 [INFO ][KScriptLogger]
SPOON-13_1 results:
cnt = 23, sat = 5,
unsat = 12, unknown = 6,
reusedUnsat = 9 (75.00%),
solvingTime = 31719 ms, checkingTime = 599 ms,
updatingTime = 0 ms, totalTime = 32318 ms

2024-05-31 19:40:28.228 [INFO ][KScriptLogger]
FASTJSON-93_1 results:
cnt = 85, sat = 45,
unsat = 40, unknown = 0,
reusedUnsat = 28 (70.00%),
solvingTime = 183 ms, checkingTime = 65 ms,
updatingTime = 0 ms, totalTime = 248 ms

2024-05-31 19:41:01.128 [INFO ][KScriptLogger]
GUAVA-71_1 results:
cnt = 209, sat = 122,
unsat = 83, unknown = 4,
reusedUnsat = 24 (28.92%),
solvingTime = 23020 ms, checkingTime = 3621 ms,
updatingTime = 0 ms, totalTime = 26641 ms

2024-05-31 19:42:27.314 [INFO ][KScriptLogger]
SPOON-107_1 results:
cnt = 92, sat = 77,
unsat = 10, unknown = 5,
reusedUnsat = 3 (30.00%),
solvingTime = 77521 ms, checkingTime = 808 ms,
updatingTime = 0 ms, totalTime = 78329 ms

2024-05-31 19:42:27.335 [INFO ][KScriptLogger]
SEATA-4_1 results:
cnt = 1, sat = 1,
unsat = 0, unknown = 0,
reusedUnsat = 0 (0.00%),
solvingTime = 2 ms, checkingTime = 0 ms,
updatingTime = 0 ms, totalTime = 2 ms

2024-05-31 19:45:06.236 [INFO ][KScriptLogger]
FASTJSON-50_1 results:
cnt = 271, sat = 195,
unsat = 50, unknown = 26,
reusedUnsat = 10 (20.00%),
solvingTime = 147720 ms, checkingTime = 3243 ms,
updatingTime = 0 ms, totalTime = 150963 ms

2024-05-31 19:45:38.463 [INFO ][KScriptLogger]
GUAVA-197_1 results:
cnt = 62, sat = 53,
unsat = 9, unknown = 0,
reusedUnsat = 7 (77.78%),
solvingTime = 22135 ms, checkingTime = 2258 ms,
updatingTime = 0 ms, totalTime = 24393 ms

2024-05-31 19:46:00.368 [INFO ][KScriptLogger]
GUAVA-275_1 results:
cnt = 119, sat = 44,
unsat = 72, unknown = 3,
reusedUnsat = 39 (54.17%),
solvingTime = 19553 ms, checkingTime = 555 ms,
updatingTime = 0 ms, totalTime = 20108 ms

2024-05-31 19:46:01.841 [INFO ][KScriptLogger]
FASTJSON-72_1 results:
cnt = 94, sat = 41,
unsat = 53, unknown = 0,
reusedUnsat = 21 (39.62%),
solvingTime = 252 ms, checkingTime = 322 ms,
updatingTime = 0 ms, totalTime = 574 ms

2024-05-31 19:46:06.047 [INFO ][KScriptLogger]
FASTJSON-9_1 results:
cnt = 75, sat = 30,
unsat = 45, unknown = 0,
reusedUnsat = 4 (8.89%),
solvingTime = 2600 ms, checkingTime = 447 ms,
updatingTime = 0 ms, totalTime = 3047 ms

2024-05-31 19:47:38.646 [INFO ][KScriptLogger]
FASTJSON-19_1 results:
cnt = 143, sat = 95,
unsat = 40, unknown = 8,
reusedUnsat = 8 (20.00%),
solvingTime = 83410 ms, checkingTime = 1204 ms,
updatingTime = 0 ms, totalTime = 84614 ms

2024-05-31 19:47:42.824 [INFO ][KScriptLogger]
GUAVA-115_1 results:
cnt = 40, sat = 16,
unsat = 24, unknown = 0,
reusedUnsat = 14 (58.33%),
solvingTime = 3104 ms, checkingTime = 364 ms,
updatingTime = 0 ms, totalTime = 3468 ms

2024-05-31 19:48:29.551 [INFO ][KScriptLogger]
SPOON-11_1 results:
cnt = 15, sat = 9,
unsat = 0, unknown = 6,
reusedUnsat = 0 (0.00%),
solvingTime = 33308 ms, checkingTime = 0 ms,
updatingTime = 0 ms, totalTime = 33308 ms

2024-05-31 19:51:47.337 [INFO ][KScriptLogger]
FASTJSON-32_1 results:
cnt = 134, sat = 6,
unsat = 98, unknown = 30,
reusedUnsat = 4 (4.08%),
solvingTime = 178808 ms, checkingTime = 9084 ms,
updatingTime = 0 ms, totalTime = 187892 ms

2024-05-31 19:52:05.658 [INFO ][KScriptLogger]
GUAVA-153_1 results:
cnt = 50, sat = 45,
unsat = 2, unknown = 3,
reusedUnsat = 0 (0.00%),
solvingTime = 15068 ms, checkingTime = 39 ms,
updatingTime = 0 ms, totalTime = 15107 ms

2024-05-31 19:52:07.056 [INFO ][KScriptLogger]
FASTJSON-85_1 results:
cnt = 79, sat = 64,
unsat = 15, unknown = 0,
reusedUnsat = 3 (20.00%),
solvingTime = 379 ms, checkingTime = 176 ms,
updatingTime = 0 ms, totalTime = 555 ms

2024-05-31 19:52:08.756 [INFO ][KScriptLogger]
SEATA-14_1 results:
cnt = 76, sat = 31,
unsat = 45, unknown = 0,
reusedUnsat = 37 (82.22%),
solvingTime = 527 ms, checkingTime = 446 ms,
updatingTime = 0 ms, totalTime = 973 ms

2024-05-31 19:54:17.462 [INFO ][KScriptLogger]
GUAVA-85_1 results:
cnt = 137, sat = 57,
unsat = 70, unknown = 10,
reusedUnsat = 45 (64.29%),
solvingTime = 90426 ms, checkingTime = 28189 ms,
updatingTime = 0 ms, totalTime = 118615 ms

2024-05-31 19:54:18.741 [INFO ][KScriptLogger]
FASTJSON-59_1 results:
cnt = 109, sat = 107,
unsat = 2, unknown = 0,
reusedUnsat = 1 (50.00%),
solvingTime = 290 ms, checkingTime = 0 ms,
updatingTime = 0 ms, totalTime = 290 ms

2024-05-31 19:54:23.789 [INFO ][KScriptLogger]
SEATA-32_1 results:
cnt = 18, sat = 7,
unsat = 11, unknown = 0,
reusedUnsat = 4 (36.36%),
solvingTime = 4119 ms, checkingTime = 227 ms,
updatingTime = 0 ms, totalTime = 4346 ms

2024-05-31 19:54:25.337 [INFO ][KScriptLogger]
FASTJSON-64_1 results:
cnt = 32, sat = 25,
unsat = 7, unknown = 0,
reusedUnsat = 1 (14.29%),
solvingTime = 1033 ms, checkingTime = 26 ms,
updatingTime = 0 ms, totalTime = 1059 ms

2024-05-31 19:55:39.011 [INFO ][KScriptLogger]
GUAVA-45_1 results:
cnt = 117, sat = 100,
unsat = 14, unknown = 3,
reusedUnsat = 11 (78.57%),
solvingTime = 52435 ms, checkingTime = 6719 ms,
updatingTime = 0 ms, totalTime = 59154 ms

2024-05-31 19:58:19.649 [INFO ][KScriptLogger]
SPOON-165_1 results:
cnt = 41, sat = 12,
unsat = 16, unknown = 13,
reusedUnsat = 7 (43.75%),
solvingTime = 67097 ms, checkingTime = 74254 ms,
updatingTime = 0 ms, totalTime = 141351 ms

2024-05-31 19:58:19.702 [INFO ][KScriptLogger]
FASTJSON-25_1 results:
cnt = 5, sat = 3,
unsat = 2, unknown = 0,
reusedUnsat = 1 (50.00%),
solvingTime = 5 ms, checkingTime = 0 ms,
updatingTime = 0 ms, totalTime = 5 ms

2024-05-31 19:58:53.736 [INFO ][KScriptLogger]
SPOON-101_1 results:
cnt = 27, sat = 15,
unsat = 8, unknown = 4,
reusedUnsat = 2 (25.00%),
solvingTime = 20575 ms, checkingTime = 2347 ms,
updatingTime = 0 ms, totalTime = 22922 ms

2024-05-31 19:58:55.590 [INFO ][KScriptLogger]
SEATA-16_1 results:
cnt = 21, sat = 13,
unsat = 8, unknown = 0,
reusedUnsat = 0 (0.00%),
solvingTime = 1451 ms, checkingTime = 77 ms,
updatingTime = 0 ms, totalTime = 1528 ms

2024-05-31 20:00:33.048 [INFO ][KScriptLogger]
GUAVA-110_1 results:
cnt = 211, sat = 134,
unsat = 63, unknown = 14,
reusedUnsat = 19 (30.16%),
solvingTime = 92370 ms, checkingTime = 885 ms,
updatingTime = 0 ms, totalTime = 93255 ms

2024-05-31 20:01:03.507 [INFO ][KScriptLogger]
FASTJSON-15_1 results:
cnt = 17, sat = 5,
unsat = 6, unknown = 6,
reusedUnsat = 1 (16.67%),
solvingTime = 30070 ms, checkingTime = 54 ms,
updatingTime = 0 ms, totalTime = 30124 ms

2024-05-31 20:01:40.205 [INFO ][KScriptLogger]
SPOON-9_1 results:
cnt = 71, sat = 62,
unsat = 8, unknown = 1,
reusedUnsat = 3 (37.50%),
solvingTime = 27224 ms, checkingTime = 2989 ms,
updatingTime = 0 ms, totalTime = 30213 ms

2024-05-31 20:02:16.362 [INFO ][KScriptLogger]
SPOON-169_1 results:
cnt = 17, sat = 6,
unsat = 5, unknown = 6,
reusedUnsat = 2 (40.00%),
solvingTime = 31155 ms, checkingTime = 248 ms,
updatingTime = 0 ms, totalTime = 31403 ms

2024-05-31 20:03:08.756 [INFO ][KScriptLogger]
SPOON-157_1 results:
cnt = 25, sat = 17,
unsat = 2, unknown = 6,
reusedUnsat = 0 (0.00%),
solvingTime = 31760 ms, checkingTime = 567 ms,
updatingTime = 0 ms, totalTime = 32327 ms

2024-05-31 20:03:13.153 [INFO ][KScriptLogger]
FASTJSON-4_1 results:
cnt = 157, sat = 82,
unsat = 75, unknown = 0,
reusedUnsat = 25 (33.33%),
solvingTime = 2137 ms, checkingTime = 549 ms,
updatingTime = 0 ms, totalTime = 2686 ms

2024-05-31 20:03:56.346 [INFO ][KScriptLogger]
SPOON-155_1 results:
cnt = 77, sat = 14,
unsat = 62, unknown = 1,
reusedUnsat = 43 (69.35%),
solvingTime = 23993 ms, checkingTime = 7933 ms,
updatingTime = 0 ms, totalTime = 31926 ms

2024-05-31 20:05:06.777 [INFO ][KScriptLogger]
FASTJSON-31_1 results:
cnt = 81, sat = 20,
unsat = 50, unknown = 11,
reusedUnsat = 14 (28.00%),
solvingTime = 66716 ms, checkingTime = 975 ms,
updatingTime = 0 ms, totalTime = 67691 ms

2024-05-31 20:16:52.378 [INFO ][KScriptLogger]
GUAVA-114_1 results:
cnt = 461, sat = 37,
unsat = 309, unknown = 115,
reusedUnsat = 0 (0.00%),
solvingTime = 636563 ms, checkingTime = 0 ms,
updatingTime = 0 ms, totalTime = 636563 ms

2024-05-31 20:17:30.433 [INFO ][KScriptLogger]
SPOON-103_1 results:
cnt = 23, sat = 6,
unsat = 11, unknown = 6,
reusedUnsat = 3 (27.27%),
solvingTime = 32397 ms, checkingTime = 908 ms,
updatingTime = 0 ms, totalTime = 33305 ms

2024-05-31 20:18:17.447 [INFO ][KScriptLogger]
GUAVA-6_1 results:
cnt = 138, sat = 85,
unsat = 47, unknown = 6,
reusedUnsat = 27 (57.45%),
solvingTime = 41558 ms, checkingTime = 665 ms,
updatingTime = 0 ms, totalTime = 42223 ms

2024-05-31 20:18:17.448 [INFO ][KScriptLogger]
Global results:
cnt = 6650, sat = 2921,
unsat = 3345, unknown = 384,
reusedUnsat = 1467 (43.86%),
solvingTime = 2673998 ms, checkingTime = 238585 ms,
updatingTime = 0 ms, totalTime = 2912583 ms

