2024-05-16 15:40:43.407 [INFO ][KScriptLogger]
FASTJSON-17_1 results:
cnt = 8, sat = 6,
unsat = 2, unknown = 0,
reusedUnsat = 0 (0.00%),
solvingTime = 160 ms, checkingTime = 21 ms,
updatingTime = 6 ms, totalTime = 187 ms

2024-05-16 15:40:46.914 [INFO ][KScriptLogger]
FASTJSON-79_1 results:
cnt = 113, sat = 2,
unsat = 111, unknown = 0,
reusedUnsat = 99 (89.19%),
solvingTime = 252 ms, checkingTime = 1151 ms,
updatingTime = 117 ms, totalTime = 1520 ms

2024-05-16 15:41:22.289 [INFO ][KScriptLogger]
FASTJSON-39_1 results:
cnt = 41, sat = 31,
unsat = 8, unknown = 2,
reusedUnsat = 0 (0.00%),
solvingTime = 29634 ms, checkingTime = 1141 ms,
updatingTime = 84 ms, totalTime = 30859 ms

2024-05-16 15:41:55.509 [INFO ][KScriptLogger]
SPOON-163_1 results:
cnt = 28, sat = 20,
unsat = 3, unknown = 5,
reusedUnsat = 1 (33.33%),
solvingTime = 30917 ms, checkingTime = 2332 ms,
updatingTime = 26 ms, totalTime = 33275 ms

2024-05-16 15:41:57.850 [INFO ][KScriptLogger]
GUAVA-249_1 results:
cnt = 57, sat = 54,
unsat = 1, unknown = 2,
reusedUnsat = 0 (0.00%),
solvingTime = 10467 ms, checkingTime = 376 ms,
updatingTime = 0 ms, totalTime = 10843 ms

2024-05-16 15:42:04.288 [INFO ][KScriptLogger]
FASTJSON-105_1 results:
cnt = 332, sat = 252,
unsat = 73, unknown = 7,
reusedUnsat = 35 (47.95%),
solvingTime = 44600 ms, checkingTime = 7788 ms,
updatingTime = 40 ms, totalTime = 52428 ms

2024-05-16 15:42:08.242 [INFO ][KScriptLogger]
SPOON-19_1 results:
cnt = 18, sat = 18,
unsat = 0, unknown = 0,
reusedUnsat = 0 (0.00%),
solvingTime = 10003 ms, checkingTime = 0 ms,
updatingTime = 0 ms, totalTime = 10003 ms

2024-05-16 15:42:12.639 [INFO ][KScriptLogger]
SPOON-167_1 results:
cnt = 12, sat = 11,
unsat = 1, unknown = 0,
reusedUnsat = 0 (0.00%),
solvingTime = 3088 ms, checkingTime = 3 ms,
updatingTime = 0 ms, totalTime = 3091 ms

2024-05-16 15:42:14.253 [INFO ][KScriptLogger]
GUAVA-6_1 results:
cnt = 138, sat = 82,
unsat = 47, unknown = 9,
reusedUnsat = 10 (21.28%),
solvingTime = 66087 ms, checkingTime = 6805 ms,
updatingTime = 0 ms, totalTime = 72892 ms

2024-05-16 15:42:21.843 [INFO ][KScriptLogger]
SEATA-24_1 results:
cnt = 36, sat = 14,
unsat = 22, unknown = 0,
reusedUnsat = 0 (0.00%),
solvingTime = 11165 ms, checkingTime = 905 ms,
updatingTime = 0 ms, totalTime = 12070 ms

2024-05-16 15:42:43.548 [INFO ][KScriptLogger]
GUAVA-260_1 results:
cnt = 479, sat = 238,
unsat = 236, unknown = 5,
reusedUnsat = 14 (5.93%),
solvingTime = 34405 ms, checkingTime = 9909 ms,
updatingTime = 72 ms, totalTime = 44386 ms

2024-05-16 15:43:11.959 [INFO ][KScriptLogger]
SPOON-159_1 results:
cnt = 131, sat = 57,
unsat = 67, unknown = 7,
reusedUnsat = 15 (22.39%),
solvingTime = 40691 ms, checkingTime = 2356 ms,
updatingTime = 0 ms, totalTime = 43047 ms

2024-05-16 15:43:14.717 [INFO ][KScriptLogger]
FASTJSON-49_1 results:
cnt = 40, sat = 14,
unsat = 15, unknown = 11,
reusedUnsat = 2 (13.33%),
solvingTime = 65278 ms, checkingTime = 14416 ms,
updatingTime = 0 ms, totalTime = 79694 ms

2024-05-16 15:43:15.807 [INFO ][KScriptLogger]
FASTJSON-93_1 results:
cnt = 85, sat = 45,
unsat = 40, unknown = 0,
reusedUnsat = 6 (15.00%),
solvingTime = 657 ms, checkingTime = 87 ms,
updatingTime = 0 ms, totalTime = 744 ms

2024-05-16 15:43:47.920 [INFO ][KScriptLogger]
FASTJSON-104_1 results:
cnt = 102, sat = 77,
unsat = 21, unknown = 4,
reusedUnsat = 3 (14.29%),
solvingTime = 76392 ms, checkingTime = 3076 ms,
updatingTime = 0 ms, totalTime = 79468 ms

2024-05-16 15:43:47.963 [INFO ][KScriptLogger]
SEATA-4_1 results:
cnt = 1, sat = 1,
unsat = 0, unknown = 0,
reusedUnsat = 0 (0.00%),
solvingTime = 8 ms, checkingTime = 0 ms,
updatingTime = 0 ms, totalTime = 8 ms

2024-05-16 15:44:01.793 [INFO ][KScriptLogger]
SPOON-13_1 results:
cnt = 23, sat = 5,
unsat = 12, unknown = 6,
reusedUnsat = 2 (16.67%),
solvingTime = 41198 ms, checkingTime = 12890 ms,
updatingTime = 0 ms, totalTime = 54088 ms

2024-05-16 15:44:06.936 [INFO ][KScriptLogger]
GUAVA-174_1 results:
cnt = 248, sat = 114,
unsat = 123, unknown = 11,
reusedUnsat = 0 (0.00%),
solvingTime = 95139 ms, checkingTime = 15685 ms,
updatingTime = 5 ms, totalTime = 110829 ms

2024-05-16 15:44:14.105 [INFO ][KScriptLogger]
FASTJSON-72_1 results:
cnt = 94, sat = 41,
unsat = 53, unknown = 0,
reusedUnsat = 4 (7.55%),
solvingTime = 1087 ms, checkingTime = 616 ms,
updatingTime = 0 ms, totalTime = 1703 ms

2024-05-16 15:44:16.639 [INFO ][KScriptLogger]
FASTJSON-9_1 results:
cnt = 75, sat = 30,
unsat = 45, unknown = 0,
reusedUnsat = 2 (4.44%),
solvingTime = 7822 ms, checkingTime = 813 ms,
updatingTime = 0 ms, totalTime = 8635 ms

2024-05-16 15:44:33.823 [INFO ][KScriptLogger]
GUAVA-71_1 results:
cnt = 209, sat = 122,
unsat = 83, unknown = 4,
reusedUnsat = 16 (19.28%),
solvingTime = 28198 ms, checkingTime = 6333 ms,
updatingTime = 0 ms, totalTime = 34531 ms

2024-05-16 15:44:45.639 [INFO ][KScriptLogger]
GUAVA-275_1 results:
cnt = 119, sat = 43,
unsat = 72, unknown = 4,
reusedUnsat = 4 (5.56%),
solvingTime = 23506 ms, checkingTime = 414 ms,
updatingTime = 1 ms, totalTime = 23921 ms

2024-05-16 15:44:59.617 [INFO ][KScriptLogger]
GUAVA-115_1 results:
cnt = 40, sat = 16,
unsat = 24, unknown = 0,
reusedUnsat = 10 (41.67%),
solvingTime = 9380 ms, checkingTime = 741 ms,
updatingTime = 0 ms, totalTime = 10121 ms

2024-05-16 15:46:16.187 [INFO ][KScriptLogger]
GUAVA-78_1 results:
cnt = 169, sat = 82,
unsat = 58, unknown = 29,
reusedUnsat = 9 (15.52%),
solvingTime = 209237 ms, checkingTime = 4822 ms,
updatingTime = 1 ms, totalTime = 214060 ms

2024-05-16 15:46:19.203 [INFO ][KScriptLogger]
SPOON-107_1 results:
cnt = 92, sat = 62,
unsat = 10, unknown = 20,
reusedUnsat = 2 (20.00%),
solvingTime = 141983 ms, checkingTime = 2504 ms,
updatingTime = 0 ms, totalTime = 144487 ms

2024-05-16 15:46:34.136 [INFO ][KScriptLogger]
SPOON-11_1 results:
cnt = 15, sat = 9,
unsat = 0, unknown = 6,
reusedUnsat = 0 (0.00%),
solvingTime = 36133 ms, checkingTime = 0 ms,
updatingTime = 0 ms, totalTime = 36133 ms

2024-05-16 15:46:39.556 [INFO ][KScriptLogger]
FASTJSON-59_1 results:
cnt = 109, sat = 107,
unsat = 2, unknown = 0,
reusedUnsat = 0 (0.00%),
solvingTime = 864 ms, checkingTime = 2 ms,
updatingTime = 0 ms, totalTime = 866 ms

2024-05-16 15:46:42.612 [INFO ][KScriptLogger]
GUAVA-197_1 results:
cnt = 62, sat = 50,
unsat = 9, unknown = 3,
reusedUnsat = 0 (0.00%),
solvingTime = 59216 ms, checkingTime = 2312 ms,
updatingTime = 0 ms, totalTime = 61528 ms

2024-05-16 15:46:44.855 [INFO ][KScriptLogger]
FASTJSON-85_1 results:
cnt = 79, sat = 64,
unsat = 15, unknown = 0,
reusedUnsat = 2 (13.33%),
solvingTime = 1092 ms, checkingTime = 179 ms,
updatingTime = 0 ms, totalTime = 1271 ms

2024-05-16 15:46:53.810 [INFO ][KScriptLogger]
SEATA-14_1 results:
cnt = 76, sat = 31,
unsat = 45, unknown = 0,
reusedUnsat = 5 (11.11%),
solvingTime = 2013 ms, checkingTime = 686 ms,
updatingTime = 0 ms, totalTime = 2699 ms

2024-05-16 15:47:00.826 [INFO ][KScriptLogger]
FASTJSON-64_1 results:
cnt = 32, sat = 25,
unsat = 7, unknown = 0,
reusedUnsat = 1 (14.29%),
solvingTime = 5042 ms, checkingTime = 156 ms,
updatingTime = 0 ms, totalTime = 5198 ms

2024-05-16 15:47:02.111 [INFO ][KScriptLogger]
GUAVA-153_1 results:
cnt = 50, sat = 45,
unsat = 2, unknown = 3,
reusedUnsat = 0 (0.00%),
solvingTime = 15223 ms, checkingTime = 135 ms,
updatingTime = 0 ms, totalTime = 15358 ms

2024-05-16 15:47:11.961 [INFO ][KScriptLogger]
FASTJSON-19_1 results:
cnt = 143, sat = 93,
unsat = 40, unknown = 10,
reusedUnsat = 7 (17.50%),
solvingTime = 148531 ms, checkingTime = 4444 ms,
updatingTime = 0 ms, totalTime = 152975 ms

2024-05-16 15:47:30.528 [INFO ][KScriptLogger]
SEATA-32_1 results:
cnt = 18, sat = 7,
unsat = 11, unknown = 0,
reusedUnsat = 0 (0.00%),
solvingTime = 13912 ms, checkingTime = 577 ms,
updatingTime = 0 ms, totalTime = 14489 ms

2024-05-16 15:47:30.686 [INFO ][KScriptLogger]
FASTJSON-25_1 results:
cnt = 5, sat = 3,
unsat = 2, unknown = 0,
reusedUnsat = 0 (0.00%),
solvingTime = 21 ms, checkingTime = 0 ms,
updatingTime = 0 ms, totalTime = 21 ms

2024-05-16 15:47:35.329 [INFO ][KScriptLogger]
FASTJSON-26_1 results:
cnt = 285, sat = 73,
unsat = 185, unknown = 27,
reusedUnsat = 7 (3.78%),
solvingTime = 204891 ms, checkingTime = 28172 ms,
updatingTime = 0 ms, totalTime = 233063 ms

2024-05-16 15:47:37.721 [INFO ][KScriptLogger]
FASTJSON-50_1 results:
cnt = 271, sat = 195,
unsat = 50, unknown = 26,
reusedUnsat = 6 (12.00%),
solvingTime = 182337 ms, checkingTime = 10168 ms,
updatingTime = 0 ms, totalTime = 192505 ms

2024-05-16 15:47:42.054 [INFO ][KScriptLogger]
SEATA-16_1 results:
cnt = 21, sat = 13,
unsat = 8, unknown = 0,
reusedUnsat = 0 (0.00%),
solvingTime = 2805 ms, checkingTime = 64 ms,
updatingTime = 0 ms, totalTime = 2869 ms

2024-05-16 15:48:07.515 [INFO ][KScriptLogger]
FASTJSON-15_1 results:
cnt = 17, sat = 5,
unsat = 6, unknown = 6,
reusedUnsat = 0 (0.00%),
solvingTime = 30192 ms, checkingTime = 70 ms,
updatingTime = 0 ms, totalTime = 30262 ms

2024-05-16 15:49:23.421 [INFO ][KScriptLogger]
SPOON-101_1 results:
cnt = 27, sat = 15,
unsat = 8, unknown = 4,
reusedUnsat = 1 (12.50%),
solvingTime = 20396 ms, checkingTime = 42535 ms,
updatingTime = 0 ms, totalTime = 62931 ms

2024-05-16 15:49:49.696 [INFO ][KScriptLogger]
SPOON-9_1 results:
cnt = 71, sat = 60,
unsat = 8, unknown = 3,
reusedUnsat = 1 (12.50%),
solvingTime = 41262 ms, checkingTime = 3227 ms,
updatingTime = 0 ms, totalTime = 44489 ms

2024-05-16 15:49:59.668 [INFO ][KScriptLogger]
GUAVA-110_1 results:
cnt = 211, sat = 132,
unsat = 63, unknown = 16,
reusedUnsat = 11 (17.46%),
solvingTime = 119055 ms, checkingTime = 1953 ms,
updatingTime = 0 ms, totalTime = 121008 ms

2024-05-16 15:50:15.343 [INFO ][KScriptLogger]
FASTJSON-4_1 results:
cnt = 157, sat = 81,
unsat = 75, unknown = 1,
reusedUnsat = 25 (33.33%),
solvingTime = 6371 ms, checkingTime = 836 ms,
updatingTime = 0 ms, totalTime = 7207 ms

2024-05-16 15:50:17.430 [INFO ][KScriptLogger]
SPOON-169_1 results:
cnt = 17, sat = 6,
unsat = 5, unknown = 6,
reusedUnsat = 0 (0.00%),
solvingTime = 34330 ms, checkingTime = 3875 ms,
updatingTime = 0 ms, totalTime = 38205 ms

2024-05-16 15:50:27.299 [INFO ][KScriptLogger]
SPOON-151_1 results:
cnt = 1198, sat = 130,
unsat = 1035, unknown = 33,
reusedUnsat = 434 (41.93%),
solvingTime = 331761 ms, checkingTime = 46281 ms,
updatingTime = 34 ms, totalTime = 378076 ms

2024-05-16 15:50:55.506 [INFO ][KScriptLogger]
GUAVA-45_1 results:
cnt = 117, sat = 99,
unsat = 14, unknown = 4,
reusedUnsat = 0 (0.00%),
solvingTime = 92639 ms, checkingTime = 7585 ms,
updatingTime = 0 ms, totalTime = 100224 ms

2024-05-16 15:51:00.135 [INFO ][KScriptLogger]
FASTJSON-32_1 results:
cnt = 134, sat = 0,
unsat = 98, unknown = 36,
reusedUnsat = 0 (0.00%),
solvingTime = 202882 ms, checkingTime = 22698 ms,
updatingTime = 0 ms, totalTime = 225580 ms

2024-05-16 15:51:23.522 [INFO ][KScriptLogger]
GUAVA-85_1 results:
cnt = 137, sat = 52,
unsat = 69, unknown = 16,
reusedUnsat = 2 (2.90%),
solvingTime = 141284 ms, checkingTime = 20755 ms,
updatingTime = 2 ms, totalTime = 162041 ms

2024-05-16 15:51:34.521 [INFO ][KScriptLogger]
SPOON-155_1 results:
cnt = 77, sat = 12,
unsat = 61, unknown = 4,
reusedUnsat = 42 (68.85%),
solvingTime = 35068 ms, checkingTime = 39522 ms,
updatingTime = 0 ms, totalTime = 74590 ms

2024-05-16 15:51:51.200 [INFO ][KScriptLogger]
SPOON-165_1 results:
cnt = 41, sat = 12,
unsat = 16, unknown = 13,
reusedUnsat = 5 (31.25%),
solvingTime = 67685 ms, checkingTime = 135476 ms,
updatingTime = 0 ms, totalTime = 203161 ms

2024-05-16 15:51:57.735 [INFO ][KScriptLogger]
FASTJSON-31_1 results:
cnt = 81, sat = 17,
unsat = 50, unknown = 14,
reusedUnsat = 7 (14.00%),
solvingTime = 82502 ms, checkingTime = 3434 ms,
updatingTime = 0 ms, totalTime = 85936 ms

2024-05-16 15:51:59.899 [INFO ][KScriptLogger]
SPOON-103_1 results:
cnt = 23, sat = 6,
unsat = 11, unknown = 6,
reusedUnsat = 0 (0.00%),
solvingTime = 37246 ms, checkingTime = 8173 ms,
updatingTime = 0 ms, totalTime = 45419 ms

2024-05-16 15:52:27.729 [INFO ][KScriptLogger]
SPOON-157_1 results:
cnt = 25, sat = 17,
unsat = 2, unknown = 6,
reusedUnsat = 0 (0.00%),
solvingTime = 32647 ms, checkingTime = 12619 ms,
updatingTime = 0 ms, totalTime = 45266 ms

2024-05-16 16:10:29.932 [INFO ][KScriptLogger]
GUAVA-114_1 results:
cnt = 461, sat = 35,
unsat = 309, unknown = 117,
reusedUnsat = 0 (0.00%),
solvingTime = 654237 ms, checkingTime = 100724 ms,
updatingTime = 2399 ms, totalTime = 757360 ms

2024-05-16 16:10:29.933 [INFO ][KScriptLogger]
Global results:
cnt = 6650, sat = 2831,
unsat = 3333, unknown = 486,
reusedUnsat = 790 (23.70%),
solvingTime = 3582991 ms, checkingTime = 591842 ms,
updatingTime = 2787 ms, totalTime = 4177620 ms

