2024-06-10 12:41:36.626 [INFO ][KScriptLogger]
FASTJSON-39_1 results:
cnt = 41, sat = 33,
unsat = 8, unknown = 0,
reusedUnsat = 2 (25.00%),
solvingTime = 14363 ms, checkingTime = 190 ms,
updatingTime = 0 ms, totalTime = 14553 ms

2024-06-10 12:41:36.728 [INFO ][KScriptLogger]
FASTJSON-17_1 results:
cnt = 8, sat = 6,
unsat = 2, unknown = 0,
reusedUnsat = 0 (0.00%),
solvingTime = 17 ms, checkingTime = 0 ms,
updatingTime = 0 ms, totalTime = 17 ms

2024-06-10 12:42:10.642 [INFO ][KScriptLogger]
SPOON-163_1 results:
cnt = 28, sat = 21,
unsat = 3, unknown = 4,
reusedUnsat = 1 (33.33%),
solvingTime = 25383 ms, checkingTime = 4659 ms,
updatingTime = 0 ms, totalTime = 30042 ms

2024-06-10 12:45:18.393 [INFO ][KScriptLogger]
SPOON-151_1 results:
cnt = 1198, sat = 131,
unsat = 1039, unknown = 28,
reusedUnsat = 988 (95.09%),
solvingTime = 162014 ms, checkingTime = 6765 ms,
updatingTime = 1 ms, totalTime = 168780 ms

2024-06-10 12:46:05.714 [INFO ][KScriptLogger]
FASTJSON-104_1 results:
cnt = 102, sat = 77,
unsat = 21, unknown = 4,
reusedUnsat = 9 (42.86%),
solvingTime = 41876 ms, checkingTime = 395 ms,
updatingTime = 0 ms, totalTime = 42271 ms

2024-06-10 12:46:06.381 [INFO ][KScriptLogger]
FASTJSON-79_1 results:
cnt = 113, sat = 2,
unsat = 111, unknown = 0,
reusedUnsat = 107 (96.40%),
solvingTime = 11 ms, checkingTime = 40 ms,
updatingTime = 0 ms, totalTime = 51 ms

2024-06-10 12:47:04.103 [INFO ][KScriptLogger]
FASTJSON-49_1 results:
cnt = 40, sat = 17,
unsat = 17, unknown = 6,
reusedUnsat = 6 (35.29%),
solvingTime = 48771 ms, checkingTime = 883 ms,
updatingTime = 0 ms, totalTime = 49654 ms

2024-06-10 12:47:50.385 [INFO ][KScriptLogger]
GUAVA-174_1 results:
cnt = 248, sat = 114,
unsat = 131, unknown = 3,
reusedUnsat = 91 (69.47%),
solvingTime = 31104 ms, checkingTime = 3069 ms,
updatingTime = 0 ms, totalTime = 34173 ms

2024-06-10 12:48:03.797 [INFO ][KScriptLogger]
GUAVA-249_1 results:
cnt = 57, sat = 54,
unsat = 1, unknown = 2,
reusedUnsat = 0 (0.00%),
solvingTime = 10145 ms, checkingTime = 78 ms,
updatingTime = 0 ms, totalTime = 10223 ms

2024-06-10 12:50:53.371 [INFO ][KScriptLogger]
GUAVA-78_1 results:
cnt = 169, sat = 90,
unsat = 60, unknown = 19,
reusedUnsat = 22 (36.67%),
solvingTime = 153420 ms, checkingTime = 236 ms,
updatingTime = 0 ms, totalTime = 153656 ms

2024-06-10 12:51:31.913 [INFO ][KScriptLogger]
GUAVA-260_1 results:
cnt = 479, sat = 238,
unsat = 236, unknown = 5,
reusedUnsat = 142 (60.17%),
solvingTime = 27473 ms, checkingTime = 2097 ms,
updatingTime = 0 ms, totalTime = 29570 ms

2024-06-10 12:51:37.073 [INFO ][KScriptLogger]
SPOON-19_1 results:
cnt = 18, sat = 18,
unsat = 0, unknown = 0,
reusedUnsat = 0 (0.00%),
solvingTime = 4089 ms, checkingTime = 0 ms,
updatingTime = 0 ms, totalTime = 4089 ms

2024-06-10 12:51:40.883 [INFO ][KScriptLogger]
SEATA-24_1 results:
cnt = 36, sat = 14,
unsat = 22, unknown = 0,
reusedUnsat = 16 (72.73%),
solvingTime = 3102 ms, checkingTime = 43 ms,
updatingTime = 0 ms, totalTime = 3145 ms

2024-06-10 12:52:22.747 [INFO ][KScriptLogger]
FASTJSON-105_1 results:
cnt = 332, sat = 252,
unsat = 73, unknown = 7,
reusedUnsat = 51 (69.86%),
solvingTime = 37243 ms, checkingTime = 345 ms,
updatingTime = 0 ms, totalTime = 37588 ms

2024-06-10 12:52:24.475 [INFO ][KScriptLogger]
SPOON-167_1 results:
cnt = 12, sat = 11,
unsat = 1, unknown = 0,
reusedUnsat = 0 (0.00%),
solvingTime = 1312 ms, checkingTime = 0 ms,
updatingTime = 0 ms, totalTime = 1312 ms

2024-06-10 12:54:43.842 [INFO ][KScriptLogger]
FASTJSON-26_1 results:
cnt = 285, sat = 92,
unsat = 185, unknown = 8,
reusedUnsat = 49 (26.49%),
solvingTime = 123810 ms, checkingTime = 3321 ms,
updatingTime = 0 ms, totalTime = 127131 ms

2024-06-10 12:55:17.389 [INFO ][KScriptLogger]
SPOON-159_1 results:
cnt = 131, sat = 63,
unsat = 67, unknown = 1,
reusedUnsat = 44 (65.67%),
solvingTime = 30838 ms, checkingTime = 78 ms,
updatingTime = 0 ms, totalTime = 30916 ms

2024-06-10 12:55:55.554 [INFO ][KScriptLogger]
SPOON-13_1 results:
cnt = 23, sat = 5,
unsat = 12, unknown = 6,
reusedUnsat = 9 (75.00%),
solvingTime = 31834 ms, checkingTime = 981 ms,
updatingTime = 0 ms, totalTime = 32815 ms

2024-06-10 12:55:56.368 [INFO ][KScriptLogger]
FASTJSON-93_1 results:
cnt = 85, sat = 45,
unsat = 40, unknown = 0,
reusedUnsat = 30 (75.00%),
solvingTime = 167 ms, checkingTime = 33 ms,
updatingTime = 0 ms, totalTime = 200 ms

2024-06-10 12:56:25.890 [INFO ][KScriptLogger]
GUAVA-71_1 results:
cnt = 209, sat = 122,
unsat = 83, unknown = 4,
reusedUnsat = 45 (54.22%),
solvingTime = 23014 ms, checkingTime = 334 ms,
updatingTime = 0 ms, totalTime = 23348 ms

2024-06-10 12:58:10.351 [INFO ][KScriptLogger]
SPOON-107_1 results:
cnt = 92, sat = 73,
unsat = 10, unknown = 9,
reusedUnsat = 3 (30.00%),
solvingTime = 96613 ms, checkingTime = 215 ms,
updatingTime = 0 ms, totalTime = 96828 ms

2024-06-10 12:58:10.375 [INFO ][KScriptLogger]
SEATA-4_1 results:
cnt = 1, sat = 1,
unsat = 0, unknown = 0,
reusedUnsat = 0 (0.00%),
solvingTime = 5 ms, checkingTime = 0 ms,
updatingTime = 0 ms, totalTime = 5 ms

2024-06-10 13:00:44.208 [INFO ][KScriptLogger]
FASTJSON-50_1 results:
cnt = 271, sat = 196,
unsat = 50, unknown = 25,
reusedUnsat = 20 (40.00%),
solvingTime = 145350 ms, checkingTime = 664 ms,
updatingTime = 0 ms, totalTime = 146014 ms

2024-06-10 13:01:20.521 [INFO ][KScriptLogger]
GUAVA-197_1 results:
cnt = 62, sat = 53,
unsat = 9, unknown = 0,
reusedUnsat = 7 (77.78%),
solvingTime = 28296 ms, checkingTime = 167 ms,
updatingTime = 0 ms, totalTime = 28463 ms

2024-06-10 13:01:39.087 [INFO ][KScriptLogger]
GUAVA-275_1 results:
cnt = 119, sat = 45,
unsat = 72, unknown = 2,
reusedUnsat = 52 (72.22%),
solvingTime = 16965 ms, checkingTime = 8 ms,
updatingTime = 0 ms, totalTime = 16973 ms

2024-06-10 13:01:40.077 [INFO ][KScriptLogger]
FASTJSON-72_1 results:
cnt = 94, sat = 41,
unsat = 53, unknown = 0,
reusedUnsat = 31 (58.49%),
solvingTime = 188 ms, checkingTime = 14 ms,
updatingTime = 0 ms, totalTime = 202 ms

2024-06-10 13:01:43.495 [INFO ][KScriptLogger]
FASTJSON-9_1 results:
cnt = 75, sat = 30,
unsat = 45, unknown = 0,
reusedUnsat = 12 (26.67%),
solvingTime = 2312 ms, checkingTime = 28 ms,
updatingTime = 0 ms, totalTime = 2340 ms

2024-06-10 13:03:11.431 [INFO ][KScriptLogger]
FASTJSON-19_1 results:
cnt = 143, sat = 96,
unsat = 40, unknown = 7,
reusedUnsat = 14 (35.00%),
solvingTime = 80114 ms, checkingTime = 166 ms,
updatingTime = 0 ms, totalTime = 80280 ms

2024-06-10 13:03:17.126 [INFO ][KScriptLogger]
GUAVA-115_1 results:
cnt = 40, sat = 16,
unsat = 24, unknown = 0,
reusedUnsat = 17 (70.83%),
solvingTime = 4982 ms, checkingTime = 34 ms,
updatingTime = 0 ms, totalTime = 5016 ms

2024-06-10 13:04:03.799 [INFO ][KScriptLogger]
SPOON-11_1 results:
cnt = 15, sat = 9,
unsat = 0, unknown = 6,
reusedUnsat = 0 (0.00%),
solvingTime = 33289 ms, checkingTime = 0 ms,
updatingTime = 0 ms, totalTime = 33289 ms

2024-06-10 13:07:21.973 [INFO ][KScriptLogger]
FASTJSON-32_1 results:
cnt = 134, sat = 2,
unsat = 98, unknown = 34,
reusedUnsat = 14 (14.29%),
solvingTime = 186532 ms, checkingTime = 2364 ms,
updatingTime = 0 ms, totalTime = 188896 ms

2024-06-10 13:07:40.442 [INFO ][KScriptLogger]
GUAVA-153_1 results:
cnt = 50, sat = 45,
unsat = 2, unknown = 3,
reusedUnsat = 0 (0.00%),
solvingTime = 15068 ms, checkingTime = 32 ms,
updatingTime = 0 ms, totalTime = 15100 ms

2024-06-10 13:07:41.591 [INFO ][KScriptLogger]
FASTJSON-85_1 results:
cnt = 79, sat = 64,
unsat = 15, unknown = 0,
reusedUnsat = 5 (33.33%),
solvingTime = 354 ms, checkingTime = 0 ms,
updatingTime = 0 ms, totalTime = 354 ms

2024-06-10 13:07:42.757 [INFO ][KScriptLogger]
SEATA-14_1 results:
cnt = 76, sat = 31,
unsat = 45, unknown = 0,
reusedUnsat = 38 (84.44%),
solvingTime = 475 ms, checkingTime = 15 ms,
updatingTime = 0 ms, totalTime = 490 ms

2024-06-10 13:09:19.734 [INFO ][KScriptLogger]
GUAVA-85_1 results:
cnt = 137, sat = 57,
unsat = 69, unknown = 11,
reusedUnsat = 54 (78.26%),
solvingTime = 84878 ms, checkingTime = 2812 ms,
updatingTime = 0 ms, totalTime = 87690 ms

2024-06-10 13:09:21.011 [INFO ][KScriptLogger]
FASTJSON-59_1 results:
cnt = 109, sat = 107,
unsat = 2, unknown = 0,
reusedUnsat = 1 (50.00%),
solvingTime = 289 ms, checkingTime = 0 ms,
updatingTime = 0 ms, totalTime = 289 ms

2024-06-10 13:09:27.182 [INFO ][KScriptLogger]
SEATA-32_1 results:
cnt = 18, sat = 7,
unsat = 11, unknown = 0,
reusedUnsat = 4 (36.36%),
solvingTime = 5402 ms, checkingTime = 53 ms,
updatingTime = 0 ms, totalTime = 5455 ms

2024-06-10 13:09:28.591 [INFO ][KScriptLogger]
FASTJSON-64_1 results:
cnt = 32, sat = 25,
unsat = 7, unknown = 0,
reusedUnsat = 2 (28.57%),
solvingTime = 915 ms, checkingTime = 13 ms,
updatingTime = 0 ms, totalTime = 928 ms

2024-06-10 13:10:19.722 [INFO ][KScriptLogger]
GUAVA-45_1 results:
cnt = 117, sat = 103,
unsat = 14, unknown = 0,
reusedUnsat = 11 (78.57%),
solvingTime = 36030 ms, checkingTime = 363 ms,
updatingTime = 0 ms, totalTime = 36393 ms

2024-06-10 13:11:46.604 [INFO ][KScriptLogger]
SPOON-165_1 results:
cnt = 41, sat = 12,
unsat = 17, unknown = 12,
reusedUnsat = 8 (47.06%),
solvingTime = 61734 ms, checkingTime = 7738 ms,
updatingTime = 0 ms, totalTime = 69472 ms

2024-06-10 13:11:46.656 [INFO ][KScriptLogger]
FASTJSON-25_1 results:
cnt = 5, sat = 3,
unsat = 2, unknown = 0,
reusedUnsat = 1 (50.00%),
solvingTime = 4 ms, checkingTime = 0 ms,
updatingTime = 0 ms, totalTime = 4 ms

2024-06-10 13:13:40.622 [INFO ][KScriptLogger]
SPOON-101_1 results:
cnt = 27, sat = 15,
unsat = 8, unknown = 4,
reusedUnsat = 1 (12.50%),
solvingTime = 20595 ms, checkingTime = 82203 ms,
updatingTime = 0 ms, totalTime = 102798 ms

2024-06-10 13:13:42.092 [INFO ][KScriptLogger]
SEATA-16_1 results:
cnt = 21, sat = 13,
unsat = 8, unknown = 0,
reusedUnsat = 0 (0.00%),
solvingTime = 1122 ms, checkingTime = 3 ms,
updatingTime = 0 ms, totalTime = 1125 ms

2024-06-10 13:15:19.865 [INFO ][KScriptLogger]
GUAVA-110_1 results:
cnt = 211, sat = 133,
unsat = 63, unknown = 15,
reusedUnsat = 32 (50.79%),
solvingTime = 93640 ms, checkingTime = 65 ms,
updatingTime = 0 ms, totalTime = 93705 ms

2024-06-10 13:15:50.249 [INFO ][KScriptLogger]
FASTJSON-15_1 results:
cnt = 17, sat = 5,
unsat = 6, unknown = 6,
reusedUnsat = 2 (33.33%),
solvingTime = 30058 ms, checkingTime = 3 ms,
updatingTime = 0 ms, totalTime = 30061 ms

2024-06-10 13:16:14.575 [INFO ][KScriptLogger]
SPOON-9_1 results:
cnt = 71, sat = 63,
unsat = 8, unknown = 0,
reusedUnsat = 3 (37.50%),
solvingTime = 17615 ms, checkingTime = 268 ms,
updatingTime = 0 ms, totalTime = 17883 ms

2024-06-10 13:16:51.005 [INFO ][KScriptLogger]
SPOON-169_1 results:
cnt = 17, sat = 6,
unsat = 5, unknown = 6,
reusedUnsat = 2 (40.00%),
solvingTime = 31152 ms, checkingTime = 516 ms,
updatingTime = 0 ms, totalTime = 31668 ms

2024-06-10 13:20:15.826 [INFO ][KScriptLogger]
SPOON-157_1 results:
cnt = 25, sat = 17,
unsat = 2, unknown = 6,
reusedUnsat = 0 (0.00%),
solvingTime = 31741 ms, checkingTime = 153423 ms,
updatingTime = 0 ms, totalTime = 185164 ms

2024-06-10 13:20:21.790 [INFO ][KScriptLogger]
FASTJSON-4_1 results:
cnt = 157, sat = 82,
unsat = 75, unknown = 0,
reusedUnsat = 43 (57.33%),
solvingTime = 4392 ms, checkingTime = 48 ms,
updatingTime = 0 ms, totalTime = 4440 ms

2024-06-10 13:21:00.225 [INFO ][KScriptLogger]
SPOON-155_1 results:
cnt = 77, sat = 14,
unsat = 62, unknown = 1,
reusedUnsat = 47 (75.81%),
solvingTime = 17888 ms, checkingTime = 11389 ms,
updatingTime = 0 ms, totalTime = 29277 ms

2024-06-10 13:22:10.812 [INFO ][KScriptLogger]
FASTJSON-31_1 results:
cnt = 81, sat = 20,
unsat = 50, unknown = 11,
reusedUnsat = 29 (58.00%),
solvingTime = 67587 ms, checkingTime = 172 ms,
updatingTime = 0 ms, totalTime = 67759 ms

2024-06-10 13:33:53.202 [INFO ][KScriptLogger]
GUAVA-114_1 results:
cnt = 461, sat = 36,
unsat = 309, unknown = 116,
reusedUnsat = 0 (0.00%),
solvingTime = 633796 ms, checkingTime = 0 ms,
updatingTime = 0 ms, totalTime = 633796 ms

2024-06-10 13:34:30.637 [INFO ][KScriptLogger]
SPOON-103_1 results:
cnt = 23, sat = 6,
unsat = 11, unknown = 6,
reusedUnsat = 5 (45.45%),
solvingTime = 31946 ms, checkingTime = 941 ms,
updatingTime = 0 ms, totalTime = 32887 ms

2024-06-10 13:35:14.592 [INFO ][KScriptLogger]
GUAVA-6_1 results:
cnt = 138, sat = 86,
unsat = 47, unknown = 5,
reusedUnsat = 31 (65.96%),
solvingTime = 39050 ms, checkingTime = 255 ms,
updatingTime = 0 ms, totalTime = 39305 ms

2024-06-10 13:35:14.593 [INFO ][KScriptLogger]
Global results:
cnt = 6650, sat = 2917,
unsat = 3351, unknown = 382,
reusedUnsat = 2101 (62.70%),
solvingTime = 2590363 ms, checkingTime = 287519 ms,
updatingTime = 1 ms, totalTime = 2877883 ms

