2024-05-17 10:12:26.265 [INFO ][KScriptLogger]
FASTJSON-17_1 results:
cnt = 8, sat = 6,
unsat = 2, unknown = 0,
reusedUnsat = 0 (0.00%),
solvingTime = 149 ms, checkingTime = 19 ms,
updatingTime = 48 ms, totalTime = 216 ms

2024-05-17 10:12:29.344 [INFO ][KScriptLogger]
FASTJSON-79_1 results:
cnt = 113, sat = 2,
unsat = 111, unknown = 0,
reusedUnsat = 102 (91.89%),
solvingTime = 179 ms, checkingTime = 169 ms,
updatingTime = 72 ms, totalTime = 420 ms

2024-05-17 10:13:02.039 [INFO ][KScriptLogger]
FASTJSON-39_1 results:
cnt = 41, sat = 31,
unsat = 8, unknown = 2,
reusedUnsat = 0 (0.00%),
solvingTime = 27107 ms, checkingTime = 2 ms,
updatingTime = 3 ms, totalTime = 27112 ms

2024-05-17 10:13:19.365 [INFO ][KScriptLogger]
SEATA-24_1 results:
cnt = 36, sat = 14,
unsat = 22, unknown = 0,
reusedUnsat = 1 (4.55%),
solvingTime = 12018 ms, checkingTime = 0 ms,
updatingTime = 0 ms, totalTime = 12018 ms

2024-05-17 10:13:29.704 [INFO ][KScriptLogger]
SPOON-163_1 results:
cnt = 28, sat = 20,
unsat = 3, unknown = 5,
reusedUnsat = 1 (33.33%),
solvingTime = 29862 ms, checkingTime = 32 ms,
updatingTime = 26 ms, totalTime = 29920 ms

2024-05-17 10:13:55.188 [INFO ][KScriptLogger]
FASTJSON-104_1 results:
cnt = 102, sat = 77,
unsat = 21, unknown = 4,
reusedUnsat = 5 (23.81%),
solvingTime = 72670 ms, checkingTime = 4 ms,
updatingTime = 26 ms, totalTime = 72700 ms

2024-05-17 10:14:06.468 [INFO ][KScriptLogger]
GUAVA-260_1 results:
cnt = 479, sat = 238,
unsat = 236, unknown = 5,
reusedUnsat = 17 (7.20%),
solvingTime = 33538 ms, checkingTime = 335 ms,
updatingTime = 112 ms, totalTime = 33985 ms

2024-05-17 10:14:10.156 [INFO ][KScriptLogger]
SPOON-167_1 results:
cnt = 12, sat = 11,
unsat = 1, unknown = 0,
reusedUnsat = 0 (0.00%),
solvingTime = 2546 ms, checkingTime = 0 ms,
updatingTime = 0 ms, totalTime = 2546 ms

2024-05-17 10:14:21.632 [INFO ][KScriptLogger]
SPOON-19_1 results:
cnt = 18, sat = 18,
unsat = 0, unknown = 0,
reusedUnsat = 0 (0.00%),
solvingTime = 8971 ms, checkingTime = 0 ms,
updatingTime = 0 ms, totalTime = 8971 ms

2024-05-17 10:14:24.558 [INFO ][KScriptLogger]
GUAVA-249_1 results:
cnt = 57, sat = 54,
unsat = 1, unknown = 2,
reusedUnsat = 0 (0.00%),
solvingTime = 10341 ms, checkingTime = 8 ms,
updatingTime = 0 ms, totalTime = 10349 ms

2024-05-17 10:14:31.581 [INFO ][KScriptLogger]
FASTJSON-49_1 results:
cnt = 40, sat = 14,
unsat = 16, unknown = 10,
reusedUnsat = 2 (12.50%),
solvingTime = 62277 ms, checkingTime = 74 ms,
updatingTime = 20 ms, totalTime = 62371 ms

2024-05-17 10:14:34.962 [INFO ][KScriptLogger]
FASTJSON-105_1 results:
cnt = 332, sat = 252,
unsat = 73, unknown = 7,
reusedUnsat = 31 (42.47%),
solvingTime = 43423 ms, checkingTime = 66 ms,
updatingTime = 0 ms, totalTime = 43489 ms

2024-05-17 10:14:37.441 [INFO ][KScriptLogger]
GUAVA-6_1 results:
cnt = 138, sat = 82,
unsat = 47, unknown = 9,
reusedUnsat = 11 (23.40%),
solvingTime = 62379 ms, checkingTime = 4 ms,
updatingTime = 0 ms, totalTime = 62383 ms

2024-05-17 10:14:41.683 [INFO ][KScriptLogger]
FASTJSON-93_1 results:
cnt = 85, sat = 45,
unsat = 40, unknown = 0,
reusedUnsat = 4 (10.00%),
solvingTime = 779 ms, checkingTime = 1 ms,
updatingTime = 3 ms, totalTime = 783 ms

2024-05-17 10:15:21.534 [INFO ][KScriptLogger]
GUAVA-174_1 results:
cnt = 248, sat = 114,
unsat = 124, unknown = 10,
reusedUnsat = 0 (0.00%),
solvingTime = 90603 ms, checkingTime = 346 ms,
updatingTime = 3 ms, totalTime = 90952 ms

2024-05-17 10:15:21.566 [INFO ][KScriptLogger]
SEATA-4_1 results:
cnt = 1, sat = 1,
unsat = 0, unknown = 0,
reusedUnsat = 0 (0.00%),
solvingTime = 5 ms, checkingTime = 0 ms,
updatingTime = 0 ms, totalTime = 5 ms

2024-05-17 10:15:25.608 [INFO ][KScriptLogger]
SPOON-159_1 results:
cnt = 131, sat = 57,
unsat = 67, unknown = 7,
reusedUnsat = 20 (29.85%),
solvingTime = 40119 ms, checkingTime = 10 ms,
updatingTime = 0 ms, totalTime = 40129 ms

2024-05-17 10:15:35.037 [INFO ][KScriptLogger]
GUAVA-71_1 results:
cnt = 209, sat = 122,
unsat = 83, unknown = 4,
reusedUnsat = 19 (22.89%),
solvingTime = 27848 ms, checkingTime = 195 ms,
updatingTime = 0 ms, totalTime = 28043 ms

2024-05-17 10:15:39.274 [INFO ][KScriptLogger]
SPOON-13_1 results:
cnt = 23, sat = 5,
unsat = 12, unknown = 6,
reusedUnsat = 3 (25.00%),
solvingTime = 40617 ms, checkingTime = 30 ms,
updatingTime = 0 ms, totalTime = 40647 ms

2024-05-17 10:15:45.399 [INFO ][KScriptLogger]
FASTJSON-72_1 results:
cnt = 94, sat = 41,
unsat = 53, unknown = 0,
reusedUnsat = 6 (11.32%),
solvingTime = 1059 ms, checkingTime = 0 ms,
updatingTime = 5 ms, totalTime = 1064 ms

2024-05-17 10:15:54.970 [INFO ][KScriptLogger]
GUAVA-275_1 results:
cnt = 119, sat = 44,
unsat = 72, unknown = 3,
reusedUnsat = 5 (6.94%),
solvingTime = 22072 ms, checkingTime = 0 ms,
updatingTime = 0 ms, totalTime = 22072 ms

2024-05-17 10:16:01.151 [INFO ][KScriptLogger]
FASTJSON-9_1 results:
cnt = 75, sat = 29,
unsat = 45, unknown = 1,
reusedUnsat = 2 (4.44%),
solvingTime = 10089 ms, checkingTime = 0 ms,
updatingTime = 0 ms, totalTime = 10089 ms

2024-05-17 10:16:14.114 [INFO ][KScriptLogger]
GUAVA-115_1 results:
cnt = 40, sat = 16,
unsat = 24, unknown = 0,
reusedUnsat = 12 (50.00%),
solvingTime = 9673 ms, checkingTime = 3 ms,
updatingTime = 0 ms, totalTime = 9676 ms

2024-05-17 10:16:52.058 [INFO ][KScriptLogger]
GUAVA-78_1 results:
cnt = 169, sat = 81,
unsat = 58, unknown = 30,
reusedUnsat = 5 (8.62%),
solvingTime = 220761 ms, checkingTime = 11 ms,
updatingTime = 0 ms, totalTime = 220772 ms

2024-05-17 10:17:38.045 [INFO ][KScriptLogger]
SPOON-107_1 results:
cnt = 92, sat = 65,
unsat = 10, unknown = 17,
reusedUnsat = 2 (20.00%),
solvingTime = 137966 ms, checkingTime = 27 ms,
updatingTime = 0 ms, totalTime = 137993 ms

2024-05-17 10:17:54.874 [INFO ][KScriptLogger]
GUAVA-197_1 results:
cnt = 62, sat = 48,
unsat = 9, unknown = 5,
reusedUnsat = 0 (0.00%),
solvingTime = 72235 ms, checkingTime = 123 ms,
updatingTime = 0 ms, totalTime = 72358 ms

2024-05-17 10:18:03.340 [INFO ][KScriptLogger]
SEATA-14_1 results:
cnt = 76, sat = 31,
unsat = 45, unknown = 0,
reusedUnsat = 5 (11.11%),
solvingTime = 2112 ms, checkingTime = 0 ms,
updatingTime = 0 ms, totalTime = 2112 ms

2024-05-17 10:18:08.533 [INFO ][KScriptLogger]
FASTJSON-85_1 results:
cnt = 79, sat = 64,
unsat = 15, unknown = 0,
reusedUnsat = 2 (13.33%),
solvingTime = 1174 ms, checkingTime = 0 ms,
updatingTime = 0 ms, totalTime = 1174 ms

2024-05-17 10:18:20.975 [INFO ][KScriptLogger]
GUAVA-153_1 results:
cnt = 50, sat = 45,
unsat = 2, unknown = 3,
reusedUnsat = 0 (0.00%),
solvingTime = 15241 ms, checkingTime = 4 ms,
updatingTime = 0 ms, totalTime = 15245 ms

2024-05-17 10:18:26.585 [INFO ][KScriptLogger]
FASTJSON-59_1 results:
cnt = 109, sat = 107,
unsat = 2, unknown = 0,
reusedUnsat = 0 (0.00%),
solvingTime = 835 ms, checkingTime = 0 ms,
updatingTime = 0 ms, totalTime = 835 ms

2024-05-17 10:18:27.387 [INFO ][KScriptLogger]
SPOON-11_1 results:
cnt = 15, sat = 9,
unsat = 0, unknown = 6,
reusedUnsat = 0 (0.00%),
solvingTime = 36748 ms, checkingTime = 0 ms,
updatingTime = 0 ms, totalTime = 36748 ms

2024-05-17 10:18:31.534 [INFO ][KScriptLogger]
FASTJSON-64_1 results:
cnt = 32, sat = 25,
unsat = 7, unknown = 0,
reusedUnsat = 0 (0.00%),
solvingTime = 2325 ms, checkingTime = 0 ms,
updatingTime = 0 ms, totalTime = 2325 ms

2024-05-17 10:18:43.138 [INFO ][KScriptLogger]
FASTJSON-19_1 results:
cnt = 143, sat = 92,
unsat = 40, unknown = 11,
reusedUnsat = 5 (12.50%),
solvingTime = 144912 ms, checkingTime = 4 ms,
updatingTime = 0 ms, totalTime = 144916 ms

2024-05-17 10:18:43.884 [INFO ][KScriptLogger]
SEATA-32_1 results:
cnt = 18, sat = 7,
unsat = 11, unknown = 0,
reusedUnsat = 0 (0.00%),
solvingTime = 13133 ms, checkingTime = 0 ms,
updatingTime = 0 ms, totalTime = 13133 ms

2024-05-17 10:18:53.105 [INFO ][KScriptLogger]
FASTJSON-50_1 results:
cnt = 271, sat = 194,
unsat = 50, unknown = 27,
reusedUnsat = 6 (12.00%),
solvingTime = 175193 ms, checkingTime = 38 ms,
updatingTime = 0 ms, totalTime = 175231 ms

2024-05-17 10:18:53.266 [INFO ][KScriptLogger]
FASTJSON-25_1 results:
cnt = 5, sat = 3,
unsat = 2, unknown = 0,
reusedUnsat = 0 (0.00%),
solvingTime = 18 ms, checkingTime = 0 ms,
updatingTime = 0 ms, totalTime = 18 ms

2024-05-17 10:19:09.511 [INFO ][KScriptLogger]
FASTJSON-26_1 results:
cnt = 285, sat = 71,
unsat = 185, unknown = 29,
reusedUnsat = 3 (1.62%),
solvingTime = 204164 ms, checkingTime = 189 ms,
updatingTime = 0 ms, totalTime = 204353 ms

2024-05-17 10:19:13.463 [INFO ][KScriptLogger]
SEATA-16_1 results:
cnt = 21, sat = 13,
unsat = 8, unknown = 0,
reusedUnsat = 0 (0.00%),
solvingTime = 2465 ms, checkingTime = 0 ms,
updatingTime = 0 ms, totalTime = 2465 ms

2024-05-17 10:19:46.066 [INFO ][KScriptLogger]
FASTJSON-15_1 results:
cnt = 17, sat = 5,
unsat = 6, unknown = 6,
reusedUnsat = 0 (0.00%),
solvingTime = 30263 ms, checkingTime = 0 ms,
updatingTime = 0 ms, totalTime = 30263 ms

2024-05-17 10:19:54.975 [INFO ][KScriptLogger]
SPOON-101_1 results:
cnt = 27, sat = 15,
unsat = 8, unknown = 4,
reusedUnsat = 1 (12.50%),
solvingTime = 20343 ms, checkingTime = 90 ms,
updatingTime = 0 ms, totalTime = 20433 ms

2024-05-17 10:20:11.431 [INFO ][KScriptLogger]
SPOON-151_1 results:
cnt = 1198, sat = 130,
unsat = 1038, unknown = 30,
reusedUnsat = 468 (45.09%),
solvingTime = 276673 ms, checkingTime = 401 ms,
updatingTime = 45 ms, totalTime = 277119 ms

2024-05-17 10:20:32.274 [INFO ][KScriptLogger]
SPOON-9_1 results:
cnt = 71, sat = 62,
unsat = 8, unknown = 1,
reusedUnsat = 1 (12.50%),
solvingTime = 40477 ms, checkingTime = 102 ms,
updatingTime = 0 ms, totalTime = 40579 ms

2024-05-17 10:20:35.240 [INFO ][KScriptLogger]
FASTJSON-32_1 results:
cnt = 134, sat = 1,
unsat = 98, unknown = 35,
reusedUnsat = 0 (0.00%),
solvingTime = 202083 ms, checkingTime = 202 ms,
updatingTime = 0 ms, totalTime = 202285 ms

2024-05-17 10:20:35.322 [INFO ][KScriptLogger]
SPOON-169_1 results:
cnt = 17, sat = 6,
unsat = 5, unknown = 6,
reusedUnsat = 0 (0.00%),
solvingTime = 33908 ms, checkingTime = 9 ms,
updatingTime = 0 ms, totalTime = 33917 ms

2024-05-17 10:20:46.838 [INFO ][KScriptLogger]
FASTJSON-4_1 results:
cnt = 157, sat = 81,
unsat = 75, unknown = 1,
reusedUnsat = 22 (29.33%),
solvingTime = 6344 ms, checkingTime = 0 ms,
updatingTime = 1 ms, totalTime = 6345 ms

2024-05-17 10:21:21.191 [INFO ][KScriptLogger]
SPOON-165_1 results:
cnt = 41, sat = 12,
unsat = 16, unknown = 13,
reusedUnsat = 4 (25.00%),
solvingTime = 67997 ms, checkingTime = 318 ms,
updatingTime = 0 ms, totalTime = 68315 ms

2024-05-17 10:22:13.360 [INFO ][KScriptLogger]
GUAVA-110_1 results:
cnt = 211, sat = 131,
unsat = 63, unknown = 17,
reusedUnsat = 5 (7.94%),
solvingTime = 121394 ms, checkingTime = 0 ms,
updatingTime = 1 ms, totalTime = 121395 ms

2024-05-17 10:22:17.303 [INFO ][KScriptLogger]
SPOON-155_1 results:
cnt = 77, sat = 12,
unsat = 58, unknown = 7,
reusedUnsat = 38 (65.52%),
solvingTime = 56739 ms, checkingTime = 354 ms,
updatingTime = 0 ms, totalTime = 57093 ms

2024-05-17 10:22:22.439 [INFO ][KScriptLogger]
SPOON-157_1 results:
cnt = 25, sat = 17,
unsat = 2, unknown = 6,
reusedUnsat = 0 (0.00%),
solvingTime = 33895 ms, checkingTime = 22 ms,
updatingTime = 0 ms, totalTime = 33917 ms

2024-05-17 10:22:23.342 [INFO ][KScriptLogger]
SPOON-103_1 results:
cnt = 23, sat = 6,
unsat = 11, unknown = 6,
reusedUnsat = 0 (0.00%),
solvingTime = 39181 ms, checkingTime = 18 ms,
updatingTime = 0 ms, totalTime = 39199 ms

2024-05-17 10:22:25.818 [INFO ][KScriptLogger]
FASTJSON-31_1 results:
cnt = 81, sat = 17,
unsat = 50, unknown = 14,
reusedUnsat = 8 (16.00%),
solvingTime = 83643 ms, checkingTime = 9 ms,
updatingTime = 0 ms, totalTime = 83652 ms

2024-05-17 10:22:30.802 [INFO ][KScriptLogger]
GUAVA-45_1 results:
cnt = 117, sat = 99,
unsat = 14, unknown = 4,
reusedUnsat = 0 (0.00%),
solvingTime = 102405 ms, checkingTime = 234 ms,
updatingTime = 2 ms, totalTime = 102641 ms

2024-05-17 10:22:33.258 [INFO ][KScriptLogger]
GUAVA-85_1 results:
cnt = 137, sat = 53,
unsat = 69, unknown = 15,
reusedUnsat = 1 (1.45%),
solvingTime = 143726 ms, checkingTime = 809 ms,
updatingTime = 3 ms, totalTime = 144538 ms

2024-05-17 10:40:22.514 [INFO ][KScriptLogger]
GUAVA-114_1 results:
cnt = 461, sat = 36,
unsat = 309, unknown = 116,
reusedUnsat = 0 (0.00%),
solvingTime = 654660 ms, checkingTime = 13301 ms,
updatingTime = 2384 ms, totalTime = 670345 ms

2024-05-17 10:40:22.515 [INFO ][KScriptLogger]
Global results:
cnt = 6650, sat = 2831,
unsat = 3335, unknown = 484,
reusedUnsat = 817 (24.50%),
solvingTime = 3551337 ms, checkingTime = 17563 ms,
updatingTime = 2754 ms, totalTime = 3571654 ms

