2024-05-16 15:12:25.823 [INFO ][KScriptLogger]
FASTJSON-17_1 results:
cnt = 8, sat = 6,
unsat = 2, unknown = 0,
reusedUnsat = 0 (0.00%),
solvingTime = 103 ms, checkingTime = 0 ms,
updatingTime = 36 ms, totalTime = 139 ms

2024-05-16 15:12:41.035 [INFO ][KScriptLogger]
FASTJSON-79_1 results:
cnt = 113, sat = 2,
unsat = 111, unknown = 0,
reusedUnsat = 0 (0.00%),
solvingTime = 2169 ms, checkingTime = 0 ms,
updatingTime = 73 ms, totalTime = 2242 ms

2024-05-16 15:12:44.473 [INFO ][KScriptLogger]
SEATA-24_1 results:
cnt = 36, sat = 14,
unsat = 22, unknown = 0,
reusedUnsat = 0 (0.00%),
solvingTime = 10526 ms, checkingTime = 0 ms,
updatingTime = 4 ms, totalTime = 10530 ms

2024-05-16 15:13:03.305 [INFO ][KScriptLogger]
FASTJSON-39_1 results:
cnt = 41, sat = 31,
unsat = 8, unknown = 2,
reusedUnsat = 0 (0.00%),
solvingTime = 29628 ms, checkingTime = 0 ms,
updatingTime = 37 ms, totalTime = 29665 ms

2024-05-16 15:13:11.499 [INFO ][KScriptLogger]
GUAVA-249_1 results:
cnt = 57, sat = 54,
unsat = 1, unknown = 2,
reusedUnsat = 0 (0.00%),
solvingTime = 10365 ms, checkingTime = 0 ms,
updatingTime = 0 ms, totalTime = 10365 ms

2024-05-16 15:13:16.018 [INFO ][KScriptLogger]
SPOON-167_1 results:
cnt = 12, sat = 11,
unsat = 1, unknown = 0,
reusedUnsat = 0 (0.00%),
solvingTime = 3264 ms, checkingTime = 0 ms,
updatingTime = 0 ms, totalTime = 3264 ms

2024-05-16 15:13:29.439 [INFO ][KScriptLogger]
SPOON-19_1 results:
cnt = 18, sat = 18,
unsat = 0, unknown = 0,
reusedUnsat = 0 (0.00%),
solvingTime = 10482 ms, checkingTime = 0 ms,
updatingTime = 0 ms, totalTime = 10482 ms

2024-05-16 15:13:31.628 [INFO ][KScriptLogger]
SPOON-163_1 results:
cnt = 28, sat = 20,
unsat = 3, unknown = 5,
reusedUnsat = 0 (0.00%),
solvingTime = 30991 ms, checkingTime = 0 ms,
updatingTime = 1 ms, totalTime = 30992 ms

2024-05-16 15:13:57.966 [INFO ][KScriptLogger]
FASTJSON-104_1 results:
cnt = 102, sat = 77,
unsat = 21, unknown = 4,
reusedUnsat = 0 (0.00%),
solvingTime = 76293 ms, checkingTime = 0 ms,
updatingTime = 25 ms, totalTime = 76318 ms

2024-05-16 15:14:21.218 [INFO ][KScriptLogger]
GUAVA-260_1 results:
cnt = 479, sat = 238,
unsat = 236, unknown = 5,
reusedUnsat = 0 (0.00%),
solvingTime = 33540 ms, checkingTime = 0 ms,
updatingTime = 6 ms, totalTime = 33546 ms

2024-05-16 15:14:26.688 [INFO ][KScriptLogger]
SPOON-159_1 results:
cnt = 131, sat = 57,
unsat = 67, unknown = 7,
reusedUnsat = 0 (0.00%),
solvingTime = 40430 ms, checkingTime = 0 ms,
updatingTime = 0 ms, totalTime = 40430 ms

2024-05-16 15:14:30.160 [INFO ][KScriptLogger]
FASTJSON-93_1 results:
cnt = 85, sat = 45,
unsat = 40, unknown = 0,
reusedUnsat = 0 (0.00%),
solvingTime = 619 ms, checkingTime = 0 ms,
updatingTime = 0 ms, totalTime = 619 ms

2024-05-16 15:14:32.850 [INFO ][KScriptLogger]
FASTJSON-49_1 results:
cnt = 40, sat = 15,
unsat = 16, unknown = 9,
reusedUnsat = 0 (0.00%),
solvingTime = 62451 ms, checkingTime = 0 ms,
updatingTime = 28 ms, totalTime = 62479 ms

2024-05-16 15:14:43.815 [INFO ][KScriptLogger]
FASTJSON-105_1 results:
cnt = 332, sat = 252,
unsat = 73, unknown = 7,
reusedUnsat = 0 (0.00%),
solvingTime = 46658 ms, checkingTime = 0 ms,
updatingTime = 0 ms, totalTime = 46658 ms

2024-05-16 15:14:43.854 [INFO ][KScriptLogger]
SEATA-4_1 results:
cnt = 1, sat = 1,
unsat = 0, unknown = 0,
reusedUnsat = 0 (0.00%),
solvingTime = 8 ms, checkingTime = 0 ms,
updatingTime = 0 ms, totalTime = 8 ms

2024-05-16 15:15:27.999 [INFO ][KScriptLogger]
SPOON-13_1 results:
cnt = 23, sat = 5,
unsat = 12, unknown = 6,
reusedUnsat = 0 (0.00%),
solvingTime = 42452 ms, checkingTime = 0 ms,
updatingTime = 0 ms, totalTime = 42452 ms

2024-05-16 15:15:31.497 [INFO ][KScriptLogger]
GUAVA-174_1 results:
cnt = 248, sat = 114,
unsat = 123, unknown = 11,
reusedUnsat = 0 (0.00%),
solvingTime = 102814 ms, checkingTime = 0 ms,
updatingTime = 60 ms, totalTime = 102874 ms

2024-05-16 15:15:42.487 [INFO ][KScriptLogger]
GUAVA-71_1 results:
cnt = 209, sat = 122,
unsat = 83, unknown = 4,
reusedUnsat = 0 (0.00%),
solvingTime = 27538 ms, checkingTime = 0 ms,
updatingTime = 0 ms, totalTime = 27538 ms

2024-05-16 15:15:43.279 [INFO ][KScriptLogger]
FASTJSON-9_1 results:
cnt = 75, sat = 29,
unsat = 45, unknown = 1,
reusedUnsat = 0 (0.00%),
solvingTime = 9417 ms, checkingTime = 0 ms,
updatingTime = 0 ms, totalTime = 9417 ms

2024-05-16 15:16:13.202 [INFO ][KScriptLogger]
GUAVA-275_1 results:
cnt = 119, sat = 43,
unsat = 72, unknown = 4,
reusedUnsat = 0 (0.00%),
solvingTime = 23380 ms, checkingTime = 0 ms,
updatingTime = 0 ms, totalTime = 23380 ms

2024-05-16 15:16:19.787 [INFO ][KScriptLogger]
FASTJSON-72_1 results:
cnt = 94, sat = 41,
unsat = 53, unknown = 0,
reusedUnsat = 0 (0.00%),
solvingTime = 1175 ms, checkingTime = 0 ms,
updatingTime = 0 ms, totalTime = 1175 ms

2024-05-16 15:16:35.396 [INFO ][KScriptLogger]
GUAVA-115_1 results:
cnt = 40, sat = 16,
unsat = 24, unknown = 0,
reusedUnsat = 0 (0.00%),
solvingTime = 10491 ms, checkingTime = 0 ms,
updatingTime = 0 ms, totalTime = 10491 ms

2024-05-16 15:17:21.663 [INFO ][KScriptLogger]
GUAVA-197_1 results:
cnt = 62, sat = 52,
unsat = 9, unknown = 1,
reusedUnsat = 0 (0.00%),
solvingTime = 45388 ms, checkingTime = 0 ms,
updatingTime = 0 ms, totalTime = 45388 ms

2024-05-16 15:17:24.868 [INFO ][KScriptLogger]
GUAVA-78_1 results:
cnt = 169, sat = 82,
unsat = 58, unknown = 29,
reusedUnsat = 0 (0.00%),
solvingTime = 218530 ms, checkingTime = 0 ms,
updatingTime = 3 ms, totalTime = 218533 ms

2024-05-16 15:17:32.297 [INFO ][KScriptLogger]
SPOON-107_1 results:
cnt = 92, sat = 62,
unsat = 10, unknown = 20,
reusedUnsat = 0 (0.00%),
solvingTime = 144324 ms, checkingTime = 0 ms,
updatingTime = 0 ms, totalTime = 144324 ms

2024-05-16 15:17:37.132 [INFO ][KScriptLogger]
FASTJSON-85_1 results:
cnt = 79, sat = 64,
unsat = 15, unknown = 0,
reusedUnsat = 0 (0.00%),
solvingTime = 1044 ms, checkingTime = 0 ms,
updatingTime = 0 ms, totalTime = 1044 ms

2024-05-16 15:18:07.353 [INFO ][KScriptLogger]
GUAVA-153_1 results:
cnt = 50, sat = 45,
unsat = 2, unknown = 3,
reusedUnsat = 0 (0.00%),
solvingTime = 15231 ms, checkingTime = 0 ms,
updatingTime = 0 ms, totalTime = 15231 ms

2024-05-16 15:18:15.985 [INFO ][KScriptLogger]
SEATA-14_1 results:
cnt = 76, sat = 31,
unsat = 45, unknown = 0,
reusedUnsat = 0 (0.00%),
solvingTime = 2081 ms, checkingTime = 0 ms,
updatingTime = 0 ms, totalTime = 2081 ms

2024-05-16 15:18:17.373 [INFO ][KScriptLogger]
FASTJSON-50_1 results:
cnt = 271, sat = 194,
unsat = 50, unknown = 27,
reusedUnsat = 0 (0.00%),
solvingTime = 176325 ms, checkingTime = 0 ms,
updatingTime = 0 ms, totalTime = 176325 ms

2024-05-16 15:18:21.476 [INFO ][KScriptLogger]
FASTJSON-64_1 results:
cnt = 32, sat = 25,
unsat = 7, unknown = 0,
reusedUnsat = 0 (0.00%),
solvingTime = 3583 ms, checkingTime = 0 ms,
updatingTime = 0 ms, totalTime = 3583 ms

2024-05-16 15:18:22.736 [INFO ][KScriptLogger]
FASTJSON-59_1 results:
cnt = 109, sat = 107,
unsat = 2, unknown = 0,
reusedUnsat = 0 (0.00%),
solvingTime = 877 ms, checkingTime = 0 ms,
updatingTime = 0 ms, totalTime = 877 ms

2024-05-16 15:18:36.373 [INFO ][KScriptLogger]
FASTJSON-19_1 results:
cnt = 143, sat = 91,
unsat = 40, unknown = 12,
reusedUnsat = 0 (0.00%),
solvingTime = 150529 ms, checkingTime = 0 ms,
updatingTime = 0 ms, totalTime = 150529 ms

2024-05-16 15:18:38.071 [INFO ][KScriptLogger]
SEATA-32_1 results:
cnt = 18, sat = 6,
unsat = 11, unknown = 1,
reusedUnsat = 0 (0.00%),
solvingTime = 12542 ms, checkingTime = 0 ms,
updatingTime = 0 ms, totalTime = 12542 ms

2024-05-16 15:18:38.242 [INFO ][KScriptLogger]
FASTJSON-25_1 results:
cnt = 5, sat = 3,
unsat = 2, unknown = 0,
reusedUnsat = 0 (0.00%),
solvingTime = 21 ms, checkingTime = 0 ms,
updatingTime = 0 ms, totalTime = 21 ms

2024-05-16 15:18:42.733 [INFO ][KScriptLogger]
SEATA-16_1 results:
cnt = 21, sat = 13,
unsat = 8, unknown = 0,
reusedUnsat = 0 (0.00%),
solvingTime = 3007 ms, checkingTime = 0 ms,
updatingTime = 0 ms, totalTime = 3007 ms

2024-05-16 15:18:44.083 [INFO ][KScriptLogger]
FASTJSON-26_1 results:
cnt = 285, sat = 72,
unsat = 185, unknown = 28,
reusedUnsat = 0 (0.00%),
solvingTime = 208537 ms, checkingTime = 0 ms,
updatingTime = 0 ms, totalTime = 208537 ms

2024-05-16 15:18:55.446 [INFO ][KScriptLogger]
SPOON-11_1 results:
cnt = 15, sat = 9,
unsat = 0, unknown = 6,
reusedUnsat = 0 (0.00%),
solvingTime = 36984 ms, checkingTime = 0 ms,
updatingTime = 0 ms, totalTime = 36984 ms

2024-05-16 15:19:27.509 [INFO ][KScriptLogger]
FASTJSON-15_1 results:
cnt = 17, sat = 5,
unsat = 6, unknown = 6,
reusedUnsat = 0 (0.00%),
solvingTime = 30196 ms, checkingTime = 0 ms,
updatingTime = 0 ms, totalTime = 30196 ms

2024-05-16 15:19:52.129 [INFO ][KScriptLogger]
SPOON-101_1 results:
cnt = 27, sat = 15,
unsat = 8, unknown = 4,
reusedUnsat = 0 (0.00%),
solvingTime = 20498 ms, checkingTime = 0 ms,
updatingTime = 0 ms, totalTime = 20498 ms

2024-05-16 15:20:41.211 [INFO ][KScriptLogger]
SPOON-169_1 results:
cnt = 17, sat = 6,
unsat = 5, unknown = 6,
reusedUnsat = 0 (0.00%),
solvingTime = 33955 ms, checkingTime = 0 ms,
updatingTime = 0 ms, totalTime = 33955 ms

2024-05-16 15:20:53.744 [INFO ][KScriptLogger]
FASTJSON-32_1 results:
cnt = 134, sat = 1,
unsat = 98, unknown = 35,
reusedUnsat = 0 (0.00%),
solvingTime = 201297 ms, checkingTime = 0 ms,
updatingTime = 4 ms, totalTime = 201301 ms

2024-05-16 15:20:56.044 [INFO ][KScriptLogger]
GUAVA-110_1 results:
cnt = 211, sat = 131,
unsat = 63, unknown = 17,
reusedUnsat = 0 (0.00%),
solvingTime = 115735 ms, checkingTime = 0 ms,
updatingTime = 0 ms, totalTime = 115735 ms

2024-05-16 15:21:02.932 [INFO ][KScriptLogger]
SPOON-9_1 results:
cnt = 71, sat = 60,
unsat = 8, unknown = 3,
reusedUnsat = 0 (0.00%),
solvingTime = 39287 ms, checkingTime = 0 ms,
updatingTime = 0 ms, totalTime = 39287 ms

2024-05-16 15:21:09.408 [INFO ][KScriptLogger]
FASTJSON-4_1 results:
cnt = 157, sat = 82,
unsat = 75, unknown = 0,
reusedUnsat = 0 (0.00%),
solvingTime = 6242 ms, checkingTime = 0 ms,
updatingTime = 0 ms, totalTime = 6242 ms

2024-05-16 15:21:12.678 [INFO ][KScriptLogger]
SPOON-165_1 results:
cnt = 41, sat = 12,
unsat = 16, unknown = 13,
reusedUnsat = 0 (0.00%),
solvingTime = 68156 ms, checkingTime = 0 ms,
updatingTime = 0 ms, totalTime = 68156 ms

2024-05-16 15:21:53.903 [INFO ][KScriptLogger]
GUAVA-45_1 results:
cnt = 117, sat = 103,
unsat = 14, unknown = 0,
reusedUnsat = 0 (0.00%),
solvingTime = 79437 ms, checkingTime = 0 ms,
updatingTime = 0 ms, totalTime = 79437 ms

2024-05-16 15:22:02.225 [INFO ][KScriptLogger]
GUAVA-85_1 results:
cnt = 137, sat = 54,
unsat = 69, unknown = 14,
reusedUnsat = 0 (0.00%),
solvingTime = 147254 ms, checkingTime = 0 ms,
updatingTime = 2 ms, totalTime = 147256 ms

2024-05-16 15:22:11.771 [INFO ][KScriptLogger]
SPOON-103_1 results:
cnt = 23, sat = 6,
unsat = 11, unknown = 6,
reusedUnsat = 0 (0.00%),
solvingTime = 38147 ms, checkingTime = 0 ms,
updatingTime = 0 ms, totalTime = 38147 ms

2024-05-16 15:22:39.621 [INFO ][KScriptLogger]
FASTJSON-31_1 results:
cnt = 81, sat = 18,
unsat = 50, unknown = 13,
reusedUnsat = 0 (0.00%),
solvingTime = 81780 ms, checkingTime = 0 ms,
updatingTime = 0 ms, totalTime = 81780 ms

2024-05-16 15:22:40.257 [INFO ][KScriptLogger]
SPOON-157_1 results:
cnt = 25, sat = 17,
unsat = 2, unknown = 6,
reusedUnsat = 0 (0.00%),
solvingTime = 33575 ms, checkingTime = 0 ms,
updatingTime = 0 ms, totalTime = 33575 ms

2024-05-16 15:23:08.780 [INFO ][KScriptLogger]
GUAVA-6_1 results:
cnt = 138, sat = 84,
unsat = 47, unknown = 7,
reusedUnsat = 0 (0.00%),
solvingTime = 59844 ms, checkingTime = 0 ms,
updatingTime = 0 ms, totalTime = 59844 ms

2024-05-16 15:23:41.179 [INFO ][KScriptLogger]
SPOON-151_1 results:
cnt = 1198, sat = 131,
unsat = 1037, unknown = 30,
reusedUnsat = 0 (0.00%),
solvingTime = 355350 ms, checkingTime = 0 ms,
updatingTime = 41 ms, totalTime = 355391 ms

2024-05-16 15:24:58.338 [INFO ][KScriptLogger]
SPOON-155_1 results:
cnt = 77, sat = 14,
unsat = 57, unknown = 6,
reusedUnsat = 0 (0.00%),
solvingTime = 149488 ms, checkingTime = 0 ms,
updatingTime = 27 ms, totalTime = 149515 ms

2024-05-16 15:37:53.846 [INFO ][KScriptLogger]
GUAVA-114_1 results:
cnt = 461, sat = 35,
unsat = 309, unknown = 117,
reusedUnsat = 0 (0.00%),
solvingTime = 653052 ms, checkingTime = 0 ms,
updatingTime = 1751 ms, totalTime = 654803 ms

2024-05-16 15:37:53.856 [INFO ][KScriptLogger]
Global results:
cnt = 6650, sat = 2841,
unsat = 3332, unknown = 477,
reusedUnsat = 0 (0.00%),
solvingTime = 3707090 ms, checkingTime = 0 ms,
updatingTime = 2098 ms, totalTime = 3709188 ms

