2024-05-21 12:43:42.463 [INFO ][KScriptLogger]
FASTJSON-39_1 results:
cnt = 41, sat = 33,
unsat = 8, unknown = 0,
reusedUnsat = 0 (0.00%),
solvingTime = 13860 ms, checkingTime = 0 ms,
updatingTime = 0 ms, totalTime = 13860 ms

2024-05-21 12:43:42.550 [INFO ][KScriptLogger]
FASTJSON-17_1 results:
cnt = 8, sat = 6,
unsat = 2, unknown = 0,
reusedUnsat = 0 (0.00%),
solvingTime = 15 ms, checkingTime = 0 ms,
updatingTime = 0 ms, totalTime = 15 ms

2024-05-21 12:44:12.461 [INFO ][KScriptLogger]
SPOON-163_1 results:
cnt = 28, sat = 21,
unsat = 3, unknown = 4,
reusedUnsat = 0 (0.00%),
solvingTime = 25827 ms, checkingTime = 0 ms,
updatingTime = 0 ms, totalTime = 25827 ms

2024-05-21 12:48:38.412 [INFO ][KScriptLogger]
SPOON-151_1 results:
cnt = 1198, sat = 131,
unsat = 1039, unknown = 28,
reusedUnsat = 0 (0.00%),
solvingTime = 233724 ms, checkingTime = 0 ms,
updatingTime = 0 ms, totalTime = 233724 ms

2024-05-21 12:49:23.022 [INFO ][KScriptLogger]
FASTJSON-104_1 results:
cnt = 102, sat = 78,
unsat = 21, unknown = 3,
reusedUnsat = 0 (0.00%),
solvingTime = 39803 ms, checkingTime = 0 ms,
updatingTime = 0 ms, totalTime = 39803 ms

2024-05-21 12:49:25.093 [INFO ][KScriptLogger]
FASTJSON-79_1 results:
cnt = 113, sat = 2,
unsat = 111, unknown = 0,
reusedUnsat = 0 (0.00%),
solvingTime = 658 ms, checkingTime = 0 ms,
updatingTime = 0 ms, totalTime = 658 ms

2024-05-21 12:50:24.854 [INFO ][KScriptLogger]
FASTJSON-49_1 results:
cnt = 40, sat = 16,
unsat = 17, unknown = 7,
reusedUnsat = 0 (0.00%),
solvingTime = 52319 ms, checkingTime = 0 ms,
updatingTime = 0 ms, totalTime = 52319 ms

2024-05-21 12:51:56.844 [INFO ][KScriptLogger]
GUAVA-174_1 results:
cnt = 248, sat = 114,
unsat = 125, unknown = 9,
reusedUnsat = 0 (0.00%),
solvingTime = 66762 ms, checkingTime = 0 ms,
updatingTime = 1 ms, totalTime = 66763 ms

2024-05-21 12:52:09.740 [INFO ][KScriptLogger]
GUAVA-249_1 results:
cnt = 57, sat = 54,
unsat = 1, unknown = 2,
reusedUnsat = 0 (0.00%),
solvingTime = 10134 ms, checkingTime = 0 ms,
updatingTime = 0 ms, totalTime = 10134 ms

2024-05-21 12:55:09.647 [INFO ][KScriptLogger]
GUAVA-78_1 results:
cnt = 169, sat = 91,
unsat = 60, unknown = 18,
reusedUnsat = 0 (0.00%),
solvingTime = 163462 ms, checkingTime = 0 ms,
updatingTime = 0 ms, totalTime = 163462 ms

2024-05-21 12:55:47.134 [INFO ][KScriptLogger]
GUAVA-260_1 results:
cnt = 479, sat = 238,
unsat = 236, unknown = 5,
reusedUnsat = 0 (0.00%),
solvingTime = 28161 ms, checkingTime = 0 ms,
updatingTime = 0 ms, totalTime = 28161 ms

2024-05-21 12:55:51.999 [INFO ][KScriptLogger]
SPOON-19_1 results:
cnt = 18, sat = 18,
unsat = 0, unknown = 0,
reusedUnsat = 0 (0.00%),
solvingTime = 3935 ms, checkingTime = 0 ms,
updatingTime = 0 ms, totalTime = 3935 ms

2024-05-21 12:55:55.904 [INFO ][KScriptLogger]
SEATA-24_1 results:
cnt = 36, sat = 14,
unsat = 22, unknown = 0,
reusedUnsat = 0 (0.00%),
solvingTime = 3078 ms, checkingTime = 0 ms,
updatingTime = 0 ms, totalTime = 3078 ms

2024-05-21 12:56:40.813 [INFO ][KScriptLogger]
FASTJSON-105_1 results:
cnt = 332, sat = 252,
unsat = 73, unknown = 7,
reusedUnsat = 0 (0.00%),
solvingTime = 39693 ms, checkingTime = 0 ms,
updatingTime = 0 ms, totalTime = 39693 ms

2024-05-21 12:56:42.429 [INFO ][KScriptLogger]
SPOON-167_1 results:
cnt = 12, sat = 11,
unsat = 1, unknown = 0,
reusedUnsat = 0 (0.00%),
solvingTime = 1245 ms, checkingTime = 0 ms,
updatingTime = 0 ms, totalTime = 1245 ms

2024-05-21 12:58:57.881 [INFO ][KScriptLogger]
FASTJSON-26_1 results:
cnt = 285, sat = 93,
unsat = 185, unknown = 7,
reusedUnsat = 0 (0.00%),
solvingTime = 123058 ms, checkingTime = 0 ms,
updatingTime = 0 ms, totalTime = 123058 ms

2024-05-21 12:59:29.345 [INFO ][KScriptLogger]
SPOON-159_1 results:
cnt = 131, sat = 64,
unsat = 67, unknown = 0,
reusedUnsat = 0 (0.00%),
solvingTime = 28555 ms, checkingTime = 0 ms,
updatingTime = 0 ms, totalTime = 28555 ms

2024-05-21 13:00:12.272 [INFO ][KScriptLogger]
SPOON-13_1 results:
cnt = 23, sat = 5,
unsat = 12, unknown = 6,
reusedUnsat = 0 (0.00%),
solvingTime = 36246 ms, checkingTime = 0 ms,
updatingTime = 0 ms, totalTime = 36246 ms

2024-05-21 13:00:13.204 [INFO ][KScriptLogger]
FASTJSON-93_1 results:
cnt = 85, sat = 45,
unsat = 40, unknown = 0,
reusedUnsat = 0 (0.00%),
solvingTime = 211 ms, checkingTime = 0 ms,
updatingTime = 0 ms, totalTime = 211 ms

2024-05-21 13:00:42.494 [INFO ][KScriptLogger]
GUAVA-71_1 results:
cnt = 209, sat = 122,
unsat = 83, unknown = 4,
reusedUnsat = 0 (0.00%),
solvingTime = 23215 ms, checkingTime = 0 ms,
updatingTime = 0 ms, totalTime = 23215 ms

2024-05-21 13:02:16.033 [INFO ][KScriptLogger]
SPOON-107_1 results:
cnt = 92, sat = 77,
unsat = 10, unknown = 5,
reusedUnsat = 0 (0.00%),
solvingTime = 86378 ms, checkingTime = 0 ms,
updatingTime = 0 ms, totalTime = 86378 ms

2024-05-21 13:02:16.045 [INFO ][KScriptLogger]
SEATA-4_1 results:
cnt = 1, sat = 1,
unsat = 0, unknown = 0,
reusedUnsat = 0 (0.00%),
solvingTime = 2 ms, checkingTime = 0 ms,
updatingTime = 0 ms, totalTime = 2 ms

2024-05-21 13:04:51.234 [INFO ][KScriptLogger]
FASTJSON-50_1 results:
cnt = 271, sat = 196,
unsat = 50, unknown = 25,
reusedUnsat = 0 (0.00%),
solvingTime = 147693 ms, checkingTime = 0 ms,
updatingTime = 0 ms, totalTime = 147693 ms

2024-05-21 13:05:24.317 [INFO ][KScriptLogger]
GUAVA-197_1 results:
cnt = 62, sat = 53,
unsat = 9, unknown = 0,
reusedUnsat = 0 (0.00%),
solvingTime = 23774 ms, checkingTime = 0 ms,
updatingTime = 0 ms, totalTime = 23774 ms

2024-05-21 13:05:45.489 [INFO ][KScriptLogger]
GUAVA-275_1 results:
cnt = 119, sat = 44,
unsat = 72, unknown = 3,
reusedUnsat = 0 (0.00%),
solvingTime = 19317 ms, checkingTime = 0 ms,
updatingTime = 0 ms, totalTime = 19317 ms

2024-05-21 13:05:46.897 [INFO ][KScriptLogger]
FASTJSON-72_1 results:
cnt = 94, sat = 41,
unsat = 53, unknown = 0,
reusedUnsat = 0 (0.00%),
solvingTime = 434 ms, checkingTime = 0 ms,
updatingTime = 0 ms, totalTime = 434 ms

2024-05-21 13:05:51.050 [INFO ][KScriptLogger]
FASTJSON-9_1 results:
cnt = 75, sat = 30,
unsat = 45, unknown = 0,
reusedUnsat = 0 (0.00%),
solvingTime = 2932 ms, checkingTime = 0 ms,
updatingTime = 0 ms, totalTime = 2932 ms

2024-05-21 13:07:15.262 [INFO ][KScriptLogger]
FASTJSON-19_1 results:
cnt = 143, sat = 97,
unsat = 40, unknown = 6,
reusedUnsat = 0 (0.00%),
solvingTime = 76640 ms, checkingTime = 0 ms,
updatingTime = 0 ms, totalTime = 76640 ms

2024-05-21 13:07:19.988 [INFO ][KScriptLogger]
GUAVA-115_1 results:
cnt = 40, sat = 16,
unsat = 24, unknown = 0,
reusedUnsat = 0 (0.00%),
solvingTime = 3862 ms, checkingTime = 0 ms,
updatingTime = 0 ms, totalTime = 3862 ms

2024-05-21 13:08:06.154 [INFO ][KScriptLogger]
SPOON-11_1 results:
cnt = 15, sat = 9,
unsat = 0, unknown = 6,
reusedUnsat = 0 (0.00%),
solvingTime = 33216 ms, checkingTime = 0 ms,
updatingTime = 0 ms, totalTime = 33216 ms

2024-05-21 13:11:18.909 [INFO ][KScriptLogger]
FASTJSON-32_1 results:
cnt = 134, sat = 5,
unsat = 98, unknown = 31,
reusedUnsat = 0 (0.00%),
solvingTime = 183991 ms, checkingTime = 0 ms,
updatingTime = 0 ms, totalTime = 183991 ms

2024-05-21 13:11:37.108 [INFO ][KScriptLogger]
GUAVA-153_1 results:
cnt = 50, sat = 45,
unsat = 2, unknown = 3,
reusedUnsat = 0 (0.00%),
solvingTime = 15066 ms, checkingTime = 0 ms,
updatingTime = 0 ms, totalTime = 15066 ms

2024-05-21 13:11:38.258 [INFO ][KScriptLogger]
FASTJSON-85_1 results:
cnt = 79, sat = 64,
unsat = 15, unknown = 0,
reusedUnsat = 0 (0.00%),
solvingTime = 362 ms, checkingTime = 0 ms,
updatingTime = 0 ms, totalTime = 362 ms

2024-05-21 13:11:40.096 [INFO ][KScriptLogger]
SEATA-14_1 results:
cnt = 76, sat = 31,
unsat = 45, unknown = 0,
reusedUnsat = 0 (0.00%),
solvingTime = 853 ms, checkingTime = 0 ms,
updatingTime = 0 ms, totalTime = 853 ms

2024-05-21 13:13:23.094 [INFO ][KScriptLogger]
GUAVA-85_1 results:
cnt = 137, sat = 57,
unsat = 70, unknown = 10,
reusedUnsat = 0 (0.00%),
solvingTime = 91376 ms, checkingTime = 0 ms,
updatingTime = 0 ms, totalTime = 91376 ms

2024-05-21 13:13:24.348 [INFO ][KScriptLogger]
FASTJSON-59_1 results:
cnt = 109, sat = 107,
unsat = 2, unknown = 0,
reusedUnsat = 0 (0.00%),
solvingTime = 292 ms, checkingTime = 0 ms,
updatingTime = 0 ms, totalTime = 292 ms

2024-05-21 13:13:30.561 [INFO ][KScriptLogger]
SEATA-32_1 results:
cnt = 18, sat = 7,
unsat = 11, unknown = 0,
reusedUnsat = 0 (0.00%),
solvingTime = 5463 ms, checkingTime = 0 ms,
updatingTime = 0 ms, totalTime = 5463 ms

2024-05-21 13:13:32.269 [INFO ][KScriptLogger]
FASTJSON-64_1 results:
cnt = 32, sat = 25,
unsat = 7, unknown = 0,
reusedUnsat = 0 (0.00%),
solvingTime = 1228 ms, checkingTime = 0 ms,
updatingTime = 0 ms, totalTime = 1228 ms

2024-05-21 13:14:37.006 [INFO ][KScriptLogger]
GUAVA-45_1 results:
cnt = 117, sat = 102,
unsat = 14, unknown = 1,
reusedUnsat = 0 (0.00%),
solvingTime = 48823 ms, checkingTime = 0 ms,
updatingTime = 0 ms, totalTime = 48823 ms

2024-05-21 13:16:02.937 [INFO ][KScriptLogger]
SPOON-165_1 results:
cnt = 41, sat = 12,
unsat = 16, unknown = 13,
reusedUnsat = 0 (0.00%),
solvingTime = 67037 ms, checkingTime = 0 ms,
updatingTime = 0 ms, totalTime = 67037 ms

2024-05-21 13:16:02.987 [INFO ][KScriptLogger]
FASTJSON-25_1 results:
cnt = 5, sat = 3,
unsat = 2, unknown = 0,
reusedUnsat = 0 (0.00%),
solvingTime = 6 ms, checkingTime = 0 ms,
updatingTime = 0 ms, totalTime = 6 ms

2024-05-21 13:16:34.695 [INFO ][KScriptLogger]
SPOON-101_1 results:
cnt = 27, sat = 15,
unsat = 8, unknown = 4,
reusedUnsat = 0 (0.00%),
solvingTime = 20594 ms, checkingTime = 0 ms,
updatingTime = 0 ms, totalTime = 20594 ms

2024-05-21 13:16:35.969 [INFO ][KScriptLogger]
SEATA-16_1 results:
cnt = 21, sat = 13,
unsat = 8, unknown = 0,
reusedUnsat = 0 (0.00%),
solvingTime = 955 ms, checkingTime = 0 ms,
updatingTime = 0 ms, totalTime = 955 ms

2024-05-21 13:18:10.587 [INFO ][KScriptLogger]
GUAVA-110_1 results:
cnt = 211, sat = 134,
unsat = 63, unknown = 14,
reusedUnsat = 0 (0.00%),
solvingTime = 90925 ms, checkingTime = 0 ms,
updatingTime = 0 ms, totalTime = 90925 ms

2024-05-21 13:18:40.971 [INFO ][KScriptLogger]
FASTJSON-15_1 results:
cnt = 17, sat = 5,
unsat = 6, unknown = 6,
reusedUnsat = 0 (0.00%),
solvingTime = 30082 ms, checkingTime = 0 ms,
updatingTime = 0 ms, totalTime = 30082 ms

2024-05-21 13:19:04.142 [INFO ][KScriptLogger]
SPOON-9_1 results:
cnt = 71, sat = 63,
unsat = 8, unknown = 0,
reusedUnsat = 0 (0.00%),
solvingTime = 16969 ms, checkingTime = 0 ms,
updatingTime = 0 ms, totalTime = 16969 ms

2024-05-21 13:19:40.763 [INFO ][KScriptLogger]
SPOON-169_1 results:
cnt = 17, sat = 6,
unsat = 5, unknown = 6,
reusedUnsat = 0 (0.00%),
solvingTime = 31831 ms, checkingTime = 0 ms,
updatingTime = 0 ms, totalTime = 31831 ms

2024-05-21 13:20:31.917 [INFO ][KScriptLogger]
SPOON-157_1 results:
cnt = 25, sat = 17,
unsat = 2, unknown = 6,
reusedUnsat = 0 (0.00%),
solvingTime = 31774 ms, checkingTime = 0 ms,
updatingTime = 0 ms, totalTime = 31774 ms

2024-05-21 13:20:36.543 [INFO ][KScriptLogger]
FASTJSON-4_1 results:
cnt = 157, sat = 82,
unsat = 75, unknown = 0,
reusedUnsat = 0 (0.00%),
solvingTime = 2918 ms, checkingTime = 0 ms,
updatingTime = 0 ms, totalTime = 2918 ms

2024-05-21 13:22:51.866 [INFO ][KScriptLogger]
SPOON-155_1 results:
cnt = 77, sat = 14,
unsat = 62, unknown = 1,
reusedUnsat = 0 (0.00%),
solvingTime = 103701 ms, checkingTime = 0 ms,
updatingTime = 0 ms, totalTime = 103701 ms

2024-05-21 13:24:05.460 [INFO ][KScriptLogger]
FASTJSON-31_1 results:
cnt = 81, sat = 20,
unsat = 50, unknown = 11,
reusedUnsat = 0 (0.00%),
solvingTime = 70393 ms, checkingTime = 0 ms,
updatingTime = 0 ms, totalTime = 70393 ms

2024-05-21 13:35:41.718 [INFO ][KScriptLogger]
GUAVA-114_1 results:
cnt = 461, sat = 35,
unsat = 309, unknown = 117,
reusedUnsat = 0 (0.00%),
solvingTime = 628551 ms, checkingTime = 0 ms,
updatingTime = 0 ms, totalTime = 628551 ms

2024-05-21 13:36:20.595 [INFO ][KScriptLogger]
SPOON-103_1 results:
cnt = 23, sat = 6,
unsat = 11, unknown = 6,
reusedUnsat = 0 (0.00%),
solvingTime = 33864 ms, checkingTime = 0 ms,
updatingTime = 0 ms, totalTime = 33864 ms

2024-05-21 13:37:10.943 [INFO ][KScriptLogger]
GUAVA-6_1 results:
cnt = 138, sat = 86,
unsat = 47, unknown = 5,
reusedUnsat = 0 (0.00%),
solvingTime = 44834 ms, checkingTime = 0 ms,
updatingTime = 0 ms, totalTime = 44834 ms

2024-05-21 13:37:10.945 [INFO ][KScriptLogger]
Global results:
cnt = 6650, sat = 2926,
unsat = 3345, unknown = 379,
reusedUnsat = 0 (0.00%),
solvingTime = 2810097 ms, checkingTime = 0 ms,
updatingTime = 1 ms, totalTime = 2810098 ms

