2024-06-11 10:27:07.653 [INFO ][KScriptLogger]
FASTJSON-39_1 results:
cnt = 41, sat = 32,
unsat = 8, unknown = 1,
reusedUnsat = 0 (0.00%),
solvingTime = 17993 ms, checkingTime = 123 ms,
updatingTime = 0 ms, totalTime = 18116 ms

2024-06-11 10:27:07.769 [INFO ][KScriptLogger]
FASTJSON-17_1 results:
cnt = 8, sat = 6,
unsat = 2, unknown = 0,
reusedUnsat = 0 (0.00%),
solvingTime = 20 ms, checkingTime = 0 ms,
updatingTime = 0 ms, totalTime = 20 ms

2024-06-11 10:27:39.071 [INFO ][KScriptLogger]
SPOON-163_1 results:
cnt = 28, sat = 21,
unsat = 3, unknown = 4,
reusedUnsat = 1 (33.33%),
solvingTime = 26604 ms, checkingTime = 245 ms,
updatingTime = 0 ms, totalTime = 26849 ms

2024-06-11 10:31:13.346 [INFO ][KScriptLogger]
SPOON-151_1 results:
cnt = 1198, sat = 130,
unsat = 1039, unknown = 29,
reusedUnsat = 992 (95.48%),
solvingTime = 188790 ms, checkingTime = 5073 ms,
updatingTime = 1 ms, totalTime = 193864 ms

2024-06-11 10:32:03.805 [INFO ][KScriptLogger]
FASTJSON-104_1 results:
cnt = 102, sat = 77,
unsat = 21, unknown = 4,
reusedUnsat = 8 (38.10%),
solvingTime = 44881 ms, checkingTime = 74 ms,
updatingTime = 0 ms, totalTime = 44955 ms

2024-06-11 10:32:04.505 [INFO ][KScriptLogger]
FASTJSON-79_1 results:
cnt = 113, sat = 2,
unsat = 111, unknown = 0,
reusedUnsat = 104 (93.69%),
solvingTime = 36 ms, checkingTime = 1 ms,
updatingTime = 0 ms, totalTime = 37 ms

2024-06-11 10:33:04.862 [INFO ][KScriptLogger]
FASTJSON-49_1 results:
cnt = 40, sat = 17,
unsat = 17, unknown = 6,
reusedUnsat = 6 (35.29%),
solvingTime = 51447 ms, checkingTime = 396 ms,
updatingTime = 0 ms, totalTime = 51843 ms

2024-06-11 10:33:59.186 [INFO ][KScriptLogger]
GUAVA-174_1 results:
cnt = 248, sat = 114,
unsat = 130, unknown = 4,
reusedUnsat = 90 (69.23%),
solvingTime = 37379 ms, checkingTime = 2518 ms,
updatingTime = 0 ms, totalTime = 39897 ms

2024-06-11 10:34:12.747 [INFO ][KScriptLogger]
GUAVA-249_1 results:
cnt = 57, sat = 54,
unsat = 1, unknown = 2,
reusedUnsat = 0 (0.00%),
solvingTime = 10180 ms, checkingTime = 108 ms,
updatingTime = 0 ms, totalTime = 10288 ms

2024-06-11 10:37:10.691 [INFO ][KScriptLogger]
GUAVA-78_1 results:
cnt = 169, sat = 89,
unsat = 60, unknown = 20,
reusedUnsat = 21 (35.00%),
solvingTime = 160529 ms, checkingTime = 172 ms,
updatingTime = 0 ms, totalTime = 160701 ms

2024-06-11 10:37:54.997 [INFO ][KScriptLogger]
GUAVA-260_1 results:
cnt = 479, sat = 238,
unsat = 236, unknown = 5,
reusedUnsat = 140 (59.32%),
solvingTime = 28146 ms, checkingTime = 5473 ms,
updatingTime = 0 ms, totalTime = 33619 ms

2024-06-11 10:38:00.720 [INFO ][KScriptLogger]
SPOON-19_1 results:
cnt = 18, sat = 18,
unsat = 0, unknown = 0,
reusedUnsat = 0 (0.00%),
solvingTime = 4517 ms, checkingTime = 0 ms,
updatingTime = 0 ms, totalTime = 4517 ms

2024-06-11 10:38:06.536 [INFO ][KScriptLogger]
SEATA-24_1 results:
cnt = 36, sat = 14,
unsat = 22, unknown = 0,
reusedUnsat = 17 (77.27%),
solvingTime = 4984 ms, checkingTime = 31 ms,
updatingTime = 0 ms, totalTime = 5015 ms

2024-06-11 10:38:53.216 [INFO ][KScriptLogger]
FASTJSON-105_1 results:
cnt = 332, sat = 252,
unsat = 73, unknown = 7,
reusedUnsat = 31 (42.47%),
solvingTime = 39826 ms, checkingTime = 504 ms,
updatingTime = 0 ms, totalTime = 40330 ms

2024-06-11 10:38:55.242 [INFO ][KScriptLogger]
SPOON-167_1 results:
cnt = 12, sat = 11,
unsat = 1, unknown = 0,
reusedUnsat = 0 (0.00%),
solvingTime = 1524 ms, checkingTime = 0 ms,
updatingTime = 0 ms, totalTime = 1524 ms

2024-06-11 10:41:41.989 [INFO ][KScriptLogger]
FASTJSON-26_1 results:
cnt = 285, sat = 91,
unsat = 185, unknown = 9,
reusedUnsat = 47 (25.41%),
solvingTime = 146774 ms, checkingTime = 4554 ms,
updatingTime = 0 ms, totalTime = 151328 ms

2024-06-11 10:42:21.225 [INFO ][KScriptLogger]
SPOON-159_1 results:
cnt = 131, sat = 58,
unsat = 67, unknown = 6,
reusedUnsat = 44 (65.67%),
solvingTime = 36572 ms, checkingTime = 69 ms,
updatingTime = 0 ms, totalTime = 36641 ms

2024-06-11 10:42:59.276 [INFO ][KScriptLogger]
SPOON-13_1 results:
cnt = 23, sat = 5,
unsat = 12, unknown = 6,
reusedUnsat = 9 (75.00%),
solvingTime = 31955 ms, checkingTime = 92 ms,
updatingTime = 0 ms, totalTime = 32047 ms

2024-06-11 10:43:00.135 [INFO ][KScriptLogger]
FASTJSON-93_1 results:
cnt = 85, sat = 45,
unsat = 40, unknown = 0,
reusedUnsat = 31 (77.50%),
solvingTime = 185 ms, checkingTime = 1 ms,
updatingTime = 0 ms, totalTime = 186 ms

2024-06-11 10:43:31.575 [INFO ][KScriptLogger]
GUAVA-71_1 results:
cnt = 209, sat = 122,
unsat = 83, unknown = 4,
reusedUnsat = 45 (54.22%),
solvingTime = 23493 ms, checkingTime = 712 ms,
updatingTime = 0 ms, totalTime = 24205 ms

2024-06-11 10:45:02.433 [INFO ][KScriptLogger]
SPOON-107_1 results:
cnt = 92, sat = 78,
unsat = 10, unknown = 4,
reusedUnsat = 4 (40.00%),
solvingTime = 82112 ms, checkingTime = 118 ms,
updatingTime = 0 ms, totalTime = 82230 ms

2024-06-11 10:45:02.455 [INFO ][KScriptLogger]
SEATA-4_1 results:
cnt = 1, sat = 1,
unsat = 0, unknown = 0,
reusedUnsat = 0 (0.00%),
solvingTime = 3 ms, checkingTime = 0 ms,
updatingTime = 0 ms, totalTime = 3 ms

2024-06-11 10:47:35.252 [INFO ][KScriptLogger]
FASTJSON-50_1 results:
cnt = 271, sat = 197,
unsat = 50, unknown = 24,
reusedUnsat = 23 (46.00%),
solvingTime = 143980 ms, checkingTime = 240 ms,
updatingTime = 0 ms, totalTime = 144220 ms

2024-06-11 10:48:21.444 [INFO ][KScriptLogger]
GUAVA-197_1 results:
cnt = 62, sat = 52,
unsat = 9, unknown = 1,
reusedUnsat = 7 (77.78%),
solvingTime = 36217 ms, checkingTime = 260 ms,
updatingTime = 0 ms, totalTime = 36477 ms

2024-06-11 10:48:35.501 [INFO ][KScriptLogger]
GUAVA-275_1 results:
cnt = 119, sat = 45,
unsat = 72, unknown = 2,
reusedUnsat = 53 (73.61%),
solvingTime = 12271 ms, checkingTime = 15 ms,
updatingTime = 0 ms, totalTime = 12286 ms

2024-06-11 10:48:36.624 [INFO ][KScriptLogger]
FASTJSON-72_1 results:
cnt = 94, sat = 41,
unsat = 53, unknown = 0,
reusedUnsat = 32 (60.38%),
solvingTime = 210 ms, checkingTime = 4 ms,
updatingTime = 0 ms, totalTime = 214 ms

2024-06-11 10:48:41.258 [INFO ][KScriptLogger]
FASTJSON-9_1 results:
cnt = 75, sat = 30,
unsat = 45, unknown = 0,
reusedUnsat = 12 (26.67%),
solvingTime = 3258 ms, checkingTime = 45 ms,
updatingTime = 0 ms, totalTime = 3303 ms

2024-06-11 10:50:19.891 [INFO ][KScriptLogger]
FASTJSON-19_1 results:
cnt = 143, sat = 97,
unsat = 40, unknown = 6,
reusedUnsat = 14 (35.00%),
solvingTime = 89839 ms, checkingTime = 73 ms,
updatingTime = 0 ms, totalTime = 89912 ms

2024-06-11 10:50:25.770 [INFO ][KScriptLogger]
GUAVA-115_1 results:
cnt = 40, sat = 16,
unsat = 24, unknown = 0,
reusedUnsat = 8 (33.33%),
solvingTime = 4912 ms, checkingTime = 20 ms,
updatingTime = 0 ms, totalTime = 4932 ms

2024-06-11 10:51:13.373 [INFO ][KScriptLogger]
SPOON-11_1 results:
cnt = 15, sat = 9,
unsat = 0, unknown = 6,
reusedUnsat = 0 (0.00%),
solvingTime = 33513 ms, checkingTime = 0 ms,
updatingTime = 0 ms, totalTime = 33513 ms

2024-06-11 10:54:29.570 [INFO ][KScriptLogger]
FASTJSON-32_1 results:
cnt = 134, sat = 2,
unsat = 98, unknown = 34,
reusedUnsat = 32 (32.65%),
solvingTime = 185543 ms, checkingTime = 1170 ms,
updatingTime = 9 ms, totalTime = 186722 ms

2024-06-11 10:54:48.279 [INFO ][KScriptLogger]
GUAVA-153_1 results:
cnt = 50, sat = 45,
unsat = 2, unknown = 3,
reusedUnsat = 0 (0.00%),
solvingTime = 15079 ms, checkingTime = 33 ms,
updatingTime = 0 ms, totalTime = 15112 ms

2024-06-11 10:54:49.753 [INFO ][KScriptLogger]
FASTJSON-85_1 results:
cnt = 79, sat = 64,
unsat = 15, unknown = 0,
reusedUnsat = 5 (33.33%),
solvingTime = 446 ms, checkingTime = 0 ms,
updatingTime = 0 ms, totalTime = 446 ms

2024-06-11 10:54:51.067 [INFO ][KScriptLogger]
SEATA-14_1 results:
cnt = 76, sat = 31,
unsat = 45, unknown = 0,
reusedUnsat = 41 (91.11%),
solvingTime = 546 ms, checkingTime = 0 ms,
updatingTime = 0 ms, totalTime = 546 ms

2024-06-11 10:56:34.367 [INFO ][KScriptLogger]
GUAVA-85_1 results:
cnt = 137, sat = 57,
unsat = 69, unknown = 11,
reusedUnsat = 52 (75.36%),
solvingTime = 91221 ms, checkingTime = 1446 ms,
updatingTime = 0 ms, totalTime = 92667 ms

2024-06-11 10:56:35.850 [INFO ][KScriptLogger]
FASTJSON-59_1 results:
cnt = 109, sat = 107,
unsat = 2, unknown = 0,
reusedUnsat = 1 (50.00%),
solvingTime = 329 ms, checkingTime = 0 ms,
updatingTime = 0 ms, totalTime = 329 ms

2024-06-11 10:56:43.253 [INFO ][KScriptLogger]
SEATA-32_1 results:
cnt = 18, sat = 7,
unsat = 11, unknown = 0,
reusedUnsat = 6 (54.55%),
solvingTime = 6642 ms, checkingTime = 16 ms,
updatingTime = 0 ms, totalTime = 6658 ms

2024-06-11 10:56:47.198 [INFO ][KScriptLogger]
FASTJSON-64_1 results:
cnt = 32, sat = 25,
unsat = 7, unknown = 0,
reusedUnsat = 2 (28.57%),
solvingTime = 3409 ms, checkingTime = 2 ms,
updatingTime = 0 ms, totalTime = 3411 ms

2024-06-11 10:57:54.453 [INFO ][KScriptLogger]
GUAVA-45_1 results:
cnt = 117, sat = 101,
unsat = 14, unknown = 2,
reusedUnsat = 11 (78.57%),
solvingTime = 49927 ms, checkingTime = 356 ms,
updatingTime = 0 ms, totalTime = 50283 ms

2024-06-11 10:59:14.958 [INFO ][KScriptLogger]
SPOON-165_1 results:
cnt = 41, sat = 12,
unsat = 17, unknown = 12,
reusedUnsat = 8 (47.06%),
solvingTime = 61246 ms, checkingTime = 587 ms,
updatingTime = 0 ms, totalTime = 61833 ms

2024-06-11 10:59:15.015 [INFO ][KScriptLogger]
FASTJSON-25_1 results:
cnt = 5, sat = 3,
unsat = 2, unknown = 0,
reusedUnsat = 1 (50.00%),
solvingTime = 5 ms, checkingTime = 0 ms,
updatingTime = 0 ms, totalTime = 5 ms

2024-06-11 10:59:49.692 [INFO ][KScriptLogger]
SPOON-101_1 results:
cnt = 27, sat = 15,
unsat = 8, unknown = 4,
reusedUnsat = 1 (12.50%),
solvingTime = 20530 ms, checkingTime = 2190 ms,
updatingTime = 0 ms, totalTime = 22720 ms

2024-06-11 10:59:51.086 [INFO ][KScriptLogger]
SEATA-16_1 results:
cnt = 21, sat = 13,
unsat = 8, unknown = 0,
reusedUnsat = 1 (12.50%),
solvingTime = 1033 ms, checkingTime = 0 ms,
updatingTime = 0 ms, totalTime = 1033 ms

2024-06-11 11:01:30.908 [INFO ][KScriptLogger]
GUAVA-110_1 results:
cnt = 211, sat = 134,
unsat = 63, unknown = 14,
reusedUnsat = 34 (53.97%),
solvingTime = 95225 ms, checkingTime = 40 ms,
updatingTime = 0 ms, totalTime = 95265 ms

2024-06-11 11:02:01.368 [INFO ][KScriptLogger]
FASTJSON-15_1 results:
cnt = 17, sat = 5,
unsat = 6, unknown = 6,
reusedUnsat = 1 (16.67%),
solvingTime = 30080 ms, checkingTime = 2 ms,
updatingTime = 0 ms, totalTime = 30082 ms

2024-06-11 11:02:39.999 [INFO ][KScriptLogger]
SPOON-9_1 results:
cnt = 71, sat = 60,
unsat = 8, unknown = 3,
reusedUnsat = 3 (37.50%),
solvingTime = 30798 ms, checkingTime = 317 ms,
updatingTime = 0 ms, totalTime = 31115 ms

2024-06-11 11:03:16.618 [INFO ][KScriptLogger]
SPOON-169_1 results:
cnt = 17, sat = 6,
unsat = 5, unknown = 6,
reusedUnsat = 2 (40.00%),
solvingTime = 31351 ms, checkingTime = 49 ms,
updatingTime = 0 ms, totalTime = 31400 ms

2024-06-11 11:04:11.389 [INFO ][KScriptLogger]
SPOON-157_1 results:
cnt = 25, sat = 17,
unsat = 2, unknown = 6,
reusedUnsat = 0 (0.00%),
solvingTime = 31997 ms, checkingTime = 449 ms,
updatingTime = 0 ms, totalTime = 32446 ms

2024-06-11 11:04:16.042 [INFO ][KScriptLogger]
FASTJSON-4_1 results:
cnt = 157, sat = 82,
unsat = 75, unknown = 0,
reusedUnsat = 43 (57.33%),
solvingTime = 2865 ms, checkingTime = 48 ms,
updatingTime = 0 ms, totalTime = 2913 ms

2024-06-11 11:04:47.764 [INFO ][KScriptLogger]
SPOON-155_1 results:
cnt = 77, sat = 14,
unsat = 62, unknown = 1,
reusedUnsat = 47 (75.81%),
solvingTime = 21053 ms, checkingTime = 777 ms,
updatingTime = 0 ms, totalTime = 21830 ms

2024-06-11 11:06:06.051 [INFO ][KScriptLogger]
FASTJSON-31_1 results:
cnt = 81, sat = 18,
unsat = 50, unknown = 13,
reusedUnsat = 28 (56.00%),
solvingTime = 75124 ms, checkingTime = 62 ms,
updatingTime = 0 ms, totalTime = 75186 ms

2024-06-11 11:18:12.532 [INFO ][KScriptLogger]
GUAVA-114_1 results:
cnt = 461, sat = 36,
unsat = 309, unknown = 116,
reusedUnsat = 0 (0.00%),
solvingTime = 643716 ms, checkingTime = 0 ms,
updatingTime = 0 ms, totalTime = 643716 ms

2024-06-11 11:18:50.659 [INFO ][KScriptLogger]
SPOON-103_1 results:
cnt = 23, sat = 6,
unsat = 11, unknown = 6,
reusedUnsat = 3 (27.27%),
solvingTime = 32719 ms, checkingTime = 97 ms,
updatingTime = 0 ms, totalTime = 32816 ms

2024-06-11 11:19:41.203 [INFO ][KScriptLogger]
GUAVA-6_1 results:
cnt = 138, sat = 85,
unsat = 47, unknown = 6,
reusedUnsat = 32 (68.09%),
solvingTime = 45637 ms, checkingTime = 33 ms,
updatingTime = 0 ms, totalTime = 45670 ms

2024-06-11 11:19:41.205 [INFO ][KScriptLogger]
Global results:
cnt = 6650, sat = 2907,
unsat = 3350, unknown = 393,
reusedUnsat = 2093 (62.48%),
solvingTime = 2738671 ms, checkingTime = 28595 ms,
updatingTime = 10 ms, totalTime = 2767276 ms

